#
# A fatal error has been detected by the Java Runtime Environment:
#
#  EXCEPTION_ACCESS_VIOLATION (0xc0000005) at pc=0x00007ffcf720d17a, pid=41432, tid=29116
#
# JRE version: OpenJDK Runtime Environment Temurin-17.0.12+7 (17.0.12+7) (build 17.0.12+7)
# Java VM: OpenJDK 64-Bit Server VM Temurin-17.0.12+7 (17.0.12+7, mixed mode, sharing, tiered, compressed oops, compressed class ptrs, g1 gc, windows-amd64)
# Problematic frame:
# C  [lwjgl_opengl.dll+0xd17a]
#
# No core dump will be written. Minidumps are not enabled by default on client versions of Windows
#
# If you would like to submit a bug report, please visit:
#   https://github.com/adoptium/adoptium-support/issues
# The crash happened outside the Java Virtual Machine in native code.
# See problematic frame for where to report the bug.
#

---------------  S U M M A R Y ------------

Command Line: -XX:+ShowCodeDetailsInExceptionMessages com.example.LinesPolygonObjects

Host: 13th Gen Intel(R) Core(TM) i7-13700KF, 24 cores, 31G,  Windows 11 , 64 bit Build 22621 (10.0.22621.4391)
Time: Sun Feb  9 16:43:05 2025 GMT Standard Time elapsed time: 30.528380 seconds (0d 0h 0m 30s)

---------------  T H R E A D  ---------------

Current thread (0x00000175c0c9aa50):  JavaThread "main" [_thread_in_native, id=29116, stack(0x0000003603100000,0x0000003603200000)]

Stack: [0x0000003603100000,0x0000003603200000],  sp=0x00000036031ff448,  free space=1021k
Native frames: (J=compiled Java code, j=interpreted, Vv=VM code, C=native code)
C  [lwjgl_opengl.dll+0xd17a]

Java frames: (J=compiled Java code, j=interpreted, Vv=VM code)
j  org.lwjgl.opengl.GL11C.glEnable(I)V+0
j  org.lwjgl.opengl.GL11.glEnable(I)V+1
j  com.example.LinesPolygonObjects.init()V+73
j  com.example.LinesPolygonObjects.run()V+9
j  com.example.LinesPolygonObjects.main([Ljava/lang/String;)V+7
v  ~StubRoutines::call_stub

siginfo: EXCEPTION_ACCESS_VIOLATION (0xc0000005), reading address 0x0000000000000000


Registers:
RAX=0x0000000000000000, RBX=0x0000017630525f50, RCX=0x0000000000000b71, RDX=0x00000036031ff4d0
RSP=0x00000036031ff448, RBP=0x00000036031ff4c0, RSI=0x0000000000000000, RDI=0x00000175cfc19520
R8 =0x0000000000000b71, R9 =0x0000000000000002, R10=0x00000175cfc1d6b2, R11=0x0000000621a37b20
R12=0x0000000000000000, R13=0x0000017630525f48, R14=0x00000036031ff4e0, R15=0x00000175c0c9aa50
RIP=0x00007ffcf720d17a, EFLAGS=0x0000000000010202


Register to memory mapping:

RIP=0x00007ffcf720d17a lwjgl_opengl.dll
RAX=0x0 is NULL
RBX={method} {0x0000017630525f58} 'glEnable' '(I)V' in 'org/lwjgl/opengl/GL11C'
RCX=0x0000000000000b71 is an unknown value
RDX=0x00000036031ff4d0 is pointing into the stack for thread: 0x00000175c0c9aa50
RSP=0x00000036031ff448 is pointing into the stack for thread: 0x00000175c0c9aa50
RBP=0x00000036031ff4c0 is pointing into the stack for thread: 0x00000175c0c9aa50
RSI=0x0 is NULL
RDI=0x00000175cfc19520 is at code_begin+1152 in an Interpreter codelet
return entry points  [0x00000175cfc190a0, 0x00000175cfc19c00]  2912 bytes
R8 =0x0000000000000b71 is an unknown value
R9 =0x0000000000000002 is an unknown value
R10=0x00000175cfc1d6b2 is at code_begin+946 in an Interpreter codelet
method entry point (kind = native)  [0x00000175cfc1d300, 0x00000175cfc1dc80]  2432 bytes
R11=0x0000000621a37b20 is an oop: java.lang.Class 
{0x0000000621a37b20} - klass: 'java/lang/Class'
 - ---- fields (total size 116 words):
 - private volatile transient 'classRedefinedCount' 'I' @12  0
 - private volatile transient 'cachedConstructor' 'Ljava/lang/reflect/Constructor;' @40  NULL (0)
 - private transient 'name' 'Ljava/lang/String;' @44  "org.lwjgl.opengl.GL11C"{0x0000000621a37ed0} (c4346fda)
 - private transient 'module' 'Ljava/lang/Module;' @48  a 'java/lang/Module'{0x00000006224fe130} (c449fc26)
 - private final 'classLoader' 'Ljava/lang/ClassLoader;' @52  a 'jdk/internal/loader/ClassLoaders$AppClassLoader'{0x00000006224fdf70} (c449fbee)
 - private transient 'classData' 'Ljava/lang/Object;' @56  NULL (0)
 - private transient 'packageName' 'Ljava/lang/String;' @60  "org.lwjgl.opengl"{0x00000006218bb958} (c431772b)
 - private final 'componentType' 'Ljava/lang/Class;' @64  NULL (0)
 - private volatile transient 'reflectionData' 'Ljava/lang/ref/SoftReference;' @68  NULL (0)
 - private volatile transient 'genericInfo' 'Lsun/reflect/generics/repository/ClassRepository;' @72  NULL (0)
 - private volatile transient 'enumConstants' '[Ljava/lang/Object;' @76  NULL (0)
 - private volatile transient 'enumConstantDirectory' 'Ljava/util/Map;' @80  NULL (0)
 - private volatile transient 'annotationData' 'Ljava/lang/Class$AnnotationData;' @84  NULL (0)
 - private volatile transient 'annotationType' 'Lsun/reflect/annotation/AnnotationType;' @88  NULL (0)
 - transient 'classValueMap' 'Ljava/lang/ClassValue$ClassValueMap;' @92  NULL (0)
 - signature: Lorg/lwjgl/opengl/GL11C;
 - fake entry for mirror: 'org/lwjgl/opengl/GL11C'
 - fake entry for array: NULL
 - fake entry for oop_size: 116
 - fake entry for static_oop_field_count: 0
 - public static final 'GL_NEVER' 'I' @112  512 (200)
 - public static final 'GL_LESS' 'I' @116  513 (201)
 - public static final 'GL_EQUAL' 'I' @120  514 (202)
 - public static final 'GL_LEQUAL' 'I' @124  515 (203)
 - public static final 'GL_GREATER' 'I' @128  516 (204)
 - public static final 'GL_NOTEQUAL' 'I' @132  517 (205)
 - public static final 'GL_GEQUAL' 'I' @136  518 (206)
 - public static final 'GL_ALWAYS' 'I' @140  519 (207)
 - public static final 'GL_DEPTH_BUFFER_BIT' 'I' @144  256 (100)
 - public static final 'GL_STENCIL_BUFFER_BIT' 'I' @148  1024 (400)
 - public static final 'GL_COLOR_BUFFER_BIT' 'I' @152  16384 (4000)
 - public static final 'GL_POINTS' 'I' @156  0
 - public static final 'GL_LINES' 'I' @160  1
 - public static final 'GL_LINE_LOOP' 'I' @164  2
 - public static final 'GL_LINE_STRIP' 'I' @168  3
 - public static final 'GL_TRIANGLES' 'I' @172  4
 - public static final 'GL_TRIANGLE_STRIP' 'I' @176  5
 - public static final 'GL_TRIANGLE_FAN' 'I' @180  6
 - public static final 'GL_QUADS' 'I' @184  7
 - public static final 'GL_ZERO' 'I' @188  0
 - public static final 'GL_ONE' 'I' @192  1
 - public static final 'GL_SRC_COLOR' 'I' @196  768 (300)
 - public static final 'GL_ONE_MINUS_SRC_COLOR' 'I' @200  769 (301)
 - public static final 'GL_SRC_ALPHA' 'I' @204  770 (302)
 - public static final 'GL_ONE_MINUS_SRC_ALPHA' 'I' @208  771 (303)
 - public static final 'GL_DST_ALPHA' 'I' @212  772 (304)
 - public static final 'GL_ONE_MINUS_DST_ALPHA' 'I' @216  773 (305)
 - public static final 'GL_DST_COLOR' 'I' @220  774 (306)
 - public static final 'GL_ONE_MINUS_DST_COLOR' 'I' @224  775 (307)
 - public static final 'GL_SRC_ALPHA_SATURATE' 'I' @228  776 (308)
 - public static final 'GL_TRUE' 'I' @232  1
 - public static final 'GL_FALSE' 'I' @236  0
 - public static final 'GL_BYTE' 'I' @240  5120 (1400)
 - public static final 'GL_UNSIGNED_BYTE' 'I' @244  5121 (1401)
 - public static final 'GL_SHORT' 'I' @248  5122 (1402)
 - public static final 'GL_UNSIGNED_SHORT' 'I' @252  5123 (1403)
 - public static final 'GL_INT' 'I' @256  5124 (1404)
 - public static final 'GL_UNSIGNED_INT' 'I' @260  5125 (1405)
 - public static final 'GL_FLOAT' 'I' @264  5126 (1406)
 - public static final 'GL_DOUBLE' 'I' @268  5130 (140a)
 - public static final 'GL_NONE' 'I' @272  0
 - public static final 'GL_FRONT_LEFT' 'I' @276  1024 (400)
 - public static final 'GL_FRONT_RIGHT' 'I' @280  1025 (401)
 - public static final 'GL_BACK_LEFT' 'I' @284  1026 (402)
 - public static final 'GL_BACK_RIGHT' 'I' @288  1027 (403)
 - public static final 'GL_FRONT' 'I' @292  1028 (404)
 - public static final 'GL_BACK' 'I' @296  1029 (405)
 - public static final 'GL_LEFT' 'I' @300  1030 (406)
 - public static final 'GL_RIGHT' 'I' @304  1031 (407)
 - public static final 'GL_FRONT_AND_BACK' 'I' @308  1032 (408)
 - public static final 'GL_NO_ERROR' 'I' @312  0
 - public static final 'GL_INVALID_ENUM' 'I' @316  1280 (500)
 - public static final 'GL_INVALID_VALUE' 'I' @320  1281 (501)
 - public static final 'GL_INVALID_OPERATION' 'I' @324  1282 (502)
 - public static final 'GL_STACK_OVERFLOW' 'I' @328  1283 (503)
 - public static final 'GL_STACK_UNDERFLOW' 'I' @332  1284 (504)
 - public static final 'GL_OUT_OF_MEMORY' 'I' @336  1285 (505)
 - public static final 'GL_CW' 'I' @340  2304 (900)
 - public static final 'GL_CCW' 'I' @344  2305 (901)
 - public static final 'GL_POINT_SIZE' 'I' @348  2833 (b11)
 - public static final 'GL_POINT_SIZE_RANGE' 'I' @352  2834 (b12)
 - public static final 'GL_POINT_SIZE_GRANULARITY' 'I' @356  2835 (b13)
 - public static final 'GL_LINE_SMOOTH' 'I' @360  2848 (b20)
 - public static final 'GL_LINE_WIDTH' 'I' @364  2849 (b21)
 - public static final 'GL_LINE_WIDTH_RANGE' 'I' @368  2850 (b22)
 - public static final 'GL_LINE_WIDTH_GRANULARITY' 'I' @372  2851 (b23)
 - public static final 'GL_POLYGON_MODE' 'I' @376  2880 (b40)
 - public static final 'GL_POLYGON_SMOOTH' 'I' @380  2881 (b41)
 - public static final 'GL_CULL_FACE' 'I' @384  2884 (b44)
 - public static final 'GL_CULL_FACE_MODE' 'I' @388  2885 (b45)
 - public static final 'GL_FRONT_FACE' 'I' @392  2886 (b46)
 - public static final 'GL_DEPTH_RANGE' 'I' @396  2928 (b70)
 - public static final 'GL_DEPTH_TEST' 'I' @400  2929 (b71)
 - public static final 'GL_DEPTH_WRITEMASK' 'I' @404  2930 (b72)
 - public static final 'GL_DEPTH_CLEAR_VALUE' 'I' @408  2931 (b73)
 - public static final 'GL_DEPTH_FUNC' 'I' @412  2932 (b74)
 - public static final 'GL_STENCIL_TEST' 'I' @416  2960 (b90)
 - public static final 'GL_STENCIL_CLEAR_VALUE' 'I' @420  2961 (b91)
 - public static final 'GL_STENCIL_FUNC' 'I' @424  2962 (b92)
 - public static final 'GL_STENCIL_VALUE_MASK' 'I' @428  2963 (b93)
 - public static final 'GL_STENCIL_FAIL' 'I' @432  2964 (b94)
 - public static final 'GL_STENCIL_PASS_DEPTH_FAIL' 'I' @436  2965 (b95)
 - public static final 'GL_STENCIL_PASS_DEPTH_PASS' 'I' @440  2966 (b96)
 - public static final 'GL_STENCIL_REF' 'I' @444  2967 (b97)
 - public static final 'GL_STENCIL_WRITEMASK' 'I' @448  2968 (b98)
 - public static final 'GL_VIEWPORT' 'I' @452  2978 (ba2)
 - public static final 'GL_DITHER' 'I' @456  3024 (bd0)
 - public static final 'GL_BLEND_DST' 'I' @460  3040 (be0)
 - public static final 'GL_BLEND_SRC' 'I' @464  3041 (be1)
 - public static final 'GL_BLEND' 'I' @468  3042 (be2)
 - public static final 'GL_LOGIC_OP_MODE' 'I' @472  3056 (bf0)
 - public static final 'GL_COLOR_LOGIC_OP' 'I' @476  3058 (bf2)
 - public static final 'GL_DRAW_BUFFER' 'I' @480  3073 (c01)
 - public static final 'GL_READ_BUFFER' 'I' @484  3074 (c02)
 - public static final 'GL_SCISSOR_BOX' 'I' @488  3088 (c10)
 - public static final 'GL_SCISSOR_TEST' 'I' @492  3089 (c11)
 - public static final 'GL_COLOR_CLEAR_VALUE' 'I' @496  3106 (c22)
 - public static final 'GL_COLOR_WRITEMASK' 'I' @500  3107 (c23)
 - public static final 'GL_DOUBLEBUFFER' 'I' @504  3122 (c32)
 - public static final 'GL_STEREO' 'I' @508  3123 (c33)
 - public static final 'GL_LINE_SMOOTH_HINT' 'I' @512  3154 (c52)
 - public static final 'GL_POLYGON_SMOOTH_HINT' 'I' @516  3155 (c53)
 - public static final 'GL_UNPACK_SWAP_BYTES' 'I' @520  3312 (cf0)
 - public static final 'GL_UNPACK_LSB_FIRST' 'I' @524  3313 (cf1)
 - public static final 'GL_UNPACK_ROW_LENGTH' 'I' @528  3314 (cf2)
 - public static final 'GL_UNPACK_SKIP_ROWS' 'I' @532  3315 (cf3)
 - public static final 'GL_UNPACK_SKIP_PIXELS' 'I' @536  3316 (cf4)
 - public static final 'GL_UNPACK_ALIGNMENT' 'I' @540  3317 (cf5)
 - public static final 'GL_PACK_SWAP_BYTES' 'I' @544  3328 (d00)
 - public static final 'GL_PACK_LSB_FIRST' 'I' @548  3329 (d01)
 - public static final 'GL_PACK_ROW_LENGTH' 'I' @552  3330 (d02)
 - public static final 'GL_PACK_SKIP_ROWS' 'I' @556  3331 (d03)
 - public static final 'GL_PACK_SKIP_PIXELS' 'I' @560  3332 (d04)
 - public static final 'GL_PACK_ALIGNMENT' 'I' @564  3333 (d05)
 - public static final 'GL_MAX_TEXTURE_SIZE' 'I' @568  3379 (d33)
 - public static final 'GL_MAX_VIEWPORT_DIMS' 'I' @572  3386 (d3a)
 - public static final 'GL_SUBPIXEL_BITS' 'I' @576  3408 (d50)
 - public static final 'GL_TEXTURE_1D' 'I' @580  3552 (de0)
 - public static final 'GL_TEXTURE_2D' 'I' @584  3553 (de1)
 - public static final 'GL_TEXTURE_WIDTH' 'I' @588  4096 (1000)
 - public static final 'GL_TEXTURE_HEIGHT' 'I' @592  4097 (1001)
 - public static final 'GL_TEXTURE_INTERNAL_FORMAT' 'I' @596  4099 (1003)
 - public static final 'GL_TEXTURE_BORDER_COLOR' 'I' @600  4100 (1004)
 - public static final 'GL_DONT_CARE' 'I' @604  4352 (1100)
 - public static final 'GL_FASTEST' 'I' @608  4353 (1101)
 - public static final 'GL_NICEST' 'I' @612  4354 (1102)
 - public static final 'GL_CLEAR' 'I' @616  5376 (1500)
 - public static final 'GL_AND' 'I' @620  5377 (1501)
 - public static final 'GL_AND_REVERSE' 'I' @624  5378 (1502)
 - public static final 'GL_COPY' 'I' @628  5379 (1503)
 - public static final 'GL_AND_INVERTED' 'I' @632  5380 (1504)
 - public static final 'GL_NOOP' 'I' @636  5381 (1505)
 - public static final 'GL_XOR' 'I' @640  5382 (1506)
 - public static final 'GL_OR' 'I' @644  5383 (1507)
 - public static final 'GL_NOR' 'I' @648  5384 (1508)
 - public static final 'GL_EQUIV' 'I' @652  5385 (1509)
 - public static final 'GL_INVERT' 'I' @656  5386 (150a)
 - public static final 'GL_OR_REVERSE' 'I' @660  5387 (150b)
 - public static final 'GL_COPY_INVERTED' 'I' @664  5388 (150c)
 - public static final 'GL_OR_INVERTED' 'I' @668  5389 (150d)
 - public static final 'GL_NAND' 'I' @672  5390 (150e)
 - public static final 'GL_SET' 'I' @676  5391 (150f)
 - public static final 'GL_TEXTURE' 'I' @680  5890 (1702)
 - public static final 'GL_COLOR' 'I' @684  6144 (1800)
 - public static final 'GL_DEPTH' 'I' @688  6145 (1801)
 - public static final 'GL_STENCIL' 'I' @692  6146 (1802)
 - public static final 'GL_STENCIL_INDEX' 'I' @696  6401 (1901)
 - public static final 'GL_DEPTH_COMPONENT' 'I' @700  6402 (1902)
 - public static final 'GL_RED' 'I' @704  6403 (1903)
 - public static final 'GL_GREEN' 'I' @708  6404 (1904)
 - public static final 'GL_BLUE' 'I' @712  6405 (1905)
 - public static final 'GL_ALPHA' 'I' @716  6406 (1906)
 - public static final 'GL_RGB' 'I' @720  6407 (1907)
 - public static final 'GL_RGBA' 'I' @724  6408 (1908)
 - public static final 'GL_POINT' 'I' @728  6912 (1b00)
 - public static final 'GL_LINE' 'I' @732  6913 (1b01)
 - public static final 'GL_FILL' 'I' @736  6914 (1b02)
 - public static final 'GL_KEEP' 'I' @740  7680 (1e00)
 - public static final 'GL_REPLACE' 'I' @744  7681 (1e01)
 - public static final 'GL_INCR' 'I' @748  7682 (1e02)
 - public static final 'GL_DECR' 'I' @752  7683 (1e03)
 - public static final 'GL_VENDOR' 'I' @756  7936 (1f00)
 - public static final 'GL_RENDERER' 'I' @760  7937 (1f01)
 - public static final 'GL_VERSION' 'I' @764  7938 (1f02)
 - public static final 'GL_EXTENSIONS' 'I' @768  7939 (1f03)
 - public static final 'GL_NEAREST' 'I' @772  9728 (2600)
 - public static final 'GL_LINEAR' 'I' @776  9729 (2601)
 - public static final 'GL_NEAREST_MIPMAP_NEAREST' 'I' @780  9984 (2700)
 - public static final 'GL_LINEAR_MIPMAP_NEAREST' 'I' @784  9985 (2701)
 - public static final 'GL_NEAREST_MIPMAP_LINEAR' 'I' @788  9986 (2702)
 - public static final 'GL_LINEAR_MIPMAP_LINEAR' 'I' @792  9987 (2703)
 - public static final 'GL_TEXTURE_MAG_FILTER' 'I' @796  10240 (2800)
 - public static final 'GL_TEXTURE_MIN_FILTER' 'I' @800  10241 (2801)
 - public static final 'GL_TEXTURE_WRAP_S' 'I' @804  10242 (2802)
 - public static final 'GL_TEXTURE_WRAP_T' 'I' @808  10243 (2803)
 - public static final 'GL_REPEAT' 'I' @812  10497 (2901)
 - public static final 'GL_POLYGON_OFFSET_FACTOR' 'I' @816  32824 (8038)
 - public static final 'GL_POLYGON_OFFSET_UNITS' 'I' @820  10752 (2a00)
 - public static final 'GL_POLYGON_OFFSET_POINT' 'I' @824  10753 (2a01)
 - public static final 'GL_POLYGON_OFFSET_LINE' 'I' @828  10754 (2a02)
 - public static final 'GL_POLYGON_OFFSET_FILL' 'I' @832  32823 (8037)
 - public static final 'GL_R3_G3_B2' 'I' @836  10768 (2a10)
 - public static final 'GL_RGB4' 'I' @840  32847 (804f)
 - public static final 'GL_RGB5' 'I' @844  32848 (8050)
 - public static final 'GL_RGB8' 'I' @848  32849 (8051)
 - public static final 'GL_RGB10' 'I' @852  32850 (8052)
 - public static final 'GL_RGB12' 'I' @856  32851 (8053)
 - public static final 'GL_RGB16' 'I' @860  32852 (8054)
 - public static final 'GL_RGBA2' 'I' @864  32853 (8055)
 - public static final 'GL_RGBA4' 'I' @868  32854 (8056)
 - public static final 'GL_RGB5_A1' 'I' @872  32855 (8057)
 - public static final 'GL_RGBA8' 'I' @876  32856 (8058)
 - public static final 'GL_RGB10_A2' 'I' @880  32857 (8059)
 - public static final 'GL_RGBA12' 'I' @884  32858 (805a)
 - public static final 'GL_RGBA16' 'I' @888  32859 (805b)
 - public static final 'GL_TEXTURE_RED_SIZE' 'I' @892  32860 (805c)
 - public static final 'GL_TEXTURE_GREEN_SIZE' 'I' @896  32861 (805d)
 - public static final 'GL_TEXTURE_BLUE_SIZE' 'I' @900  32862 (805e)
 - public static final 'GL_TEXTURE_ALPHA_SIZE' 'I' @904  32863 (805f)
 - public static final 'GL_PROXY_TEXTURE_1D' 'I' @908  32867 (8063)
 - public static final 'GL_PROXY_TEXTURE_2D' 'I' @912  32868 (8064)
 - public static final 'GL_TEXTURE_BINDING_1D' 'I' @916  32872 (8068)
 - public static final 'GL_TEXTURE_BINDING_2D' 'I' @920  32873 (8069)
 - public static final 'GL_VERTEX_ARRAY' 'I' @924  32884 (8074)
R12=0x0 is NULL
R13=0x0000017630525f48 is pointing into metadata
R14=0x00000036031ff4e0 is pointing into the stack for thread: 0x00000175c0c9aa50
R15=0x00000175c0c9aa50 is a thread


Top of Stack: (sp=0x00000036031ff448)
0x00000036031ff448:   00000175cfc1d6e1 0000017630525f50
0x00000036031ff458:   0000000000000000 00000176304e1738
0x00000036031ff468:   00000175c0c9aa50 00000175cfc1d3b6
0x00000036031ff478:   00000036031ff478 0000017630525f48
0x00000036031ff488:   00000036031ff4e0 00000176305304f8
0x00000036031ff498:   0000000000000000 0000000621a37b20
0x00000036031ff4a8:   0000017630525f50 0000000000000000
0x00000036031ff4b8:   00000036031ff4e0 00000036031ff530
0x00000036031ff4c8:   00000175cfc19520 0000000621a37b20
0x00000036031ff4d8:   00000175cfc1aff8 0000000000000b71
0x00000036031ff4e8:   00000036031ff4e8 00000176304dffd1
0x00000036031ff4f8:   00000036031ff540 000001763050bc90
0x00000036031ff508:   0000000000000000 00000006218fb9f8
0x00000036031ff518:   00000176304e1738 00000036031ff4e0
0x00000036031ff528:   00000036031ff540 00000036031ff590
0x00000036031ff538:   00000175cfc19520 0000000000000b71
0x00000036031ff548:   00000036031ff548 0000017630401129
0x00000036031ff558:   00000036031ff5a0 0000017630402000
0x00000036031ff568:   0000000000000000 0000000622533468
0x00000036031ff578:   0000017630401158 00000036031ff540
0x00000036031ff588:   00000036031ff5a0 00000036031ff5f0
0x00000036031ff598:   00000175cfc19520 0000000622534040
0x00000036031ff5a8:   00000036031ff5a8 0000017630400d91
0x00000036031ff5b8:   00000036031ff600 0000017630402000
0x00000036031ff5c8:   0000000000000000 0000000622533468
0x00000036031ff5d8:   0000017630400db8 00000036031ff5a0
0x00000036031ff5e8:   00000036031ff600 00000036031ff650
0x00000036031ff5f8:   00000175cfc19520 0000000622534040
0x00000036031ff608:   00000036031ff608 0000017630401c2f
0x00000036031ff618:   00000036031ff660 0000017630402000
0x00000036031ff628:   0000000000000000 0000000622533468
0x00000036031ff638:   0000017630401c48 00000036031ff600 

Instructions: (pc=0x00007ffcf720d17a)
0x00007ffcf720d07a:   40 0a 00 00 89 c1 49 ff e2 cc cc cc cc cc cc cc
0x00007ffcf720d08a:   cc cc cc cc cc cc 0f 28 cb 0f 28 c2 f2 0f 10 54
0x00007ffcf720d09a:   24 28 f2 0f 10 5c 24 30 48 8b 01 48 8b 40 18 48
0x00007ffcf720d0aa:   8b 80 48 0a 00 00 48 ff e0 cc cc cc cc cc cc cc
0x00007ffcf720d0ba:   cc cc cc cc cc cc 48 8b 01 48 8b 40 18 4c 89 c1
0x00007ffcf720d0ca:   48 ff a0 50 0a 00 00 cc cc cc cc cc cc cc cc cc
0x00007ffcf720d0da:   cc cc cc cc cc cc 48 8b 01 48 8b 40 18 4c 89 c1
0x00007ffcf720d0ea:   48 ff a0 58 0a 00 00 cc cc cc cc cc cc cc cc cc
0x00007ffcf720d0fa:   cc cc cc cc cc cc 48 8b 01 48 8b 40 18 4c 89 c1
0x00007ffcf720d10a:   48 ff a0 60 0a 00 00 cc cc cc cc cc cc cc cc cc
0x00007ffcf720d11a:   cc cc cc cc cc cc 48 8b 01 48 8b 40 18 4c 89 c1
0x00007ffcf720d12a:   48 ff a0 68 0a 00 00 cc cc cc cc cc cc cc cc cc
0x00007ffcf720d13a:   cc cc cc cc cc cc 44 89 ca 44 89 c0 44 8b 44 24
0x00007ffcf720d14a:   28 4c 8b 4c 24 30 48 8b 09 48 8b 49 18 4c 8b 91
0x00007ffcf720d15a:   70 0a 00 00 89 c1 49 ff e2 cc cc cc cc cc cc cc
0x00007ffcf720d16a:   cc cc cc cc cc cc 48 8b 01 48 8b 40 18 44 89 c1
0x00007ffcf720d17a:   48 ff 20 cc cc cc 48 8b 01 48 8b 40 18 44 89 c1
0x00007ffcf720d18a:   48 ff 60 08 cc cc 44 89 ca 48 8b 01 48 8b 40 18
0x00007ffcf720d19a:   48 8b 40 38 44 89 c1 48 ff e0 cc cc cc cc cc cc
0x00007ffcf720d1aa:   cc cc cc cc cc cc 44 89 ca 48 8b 01 48 8b 40 18
0x00007ffcf720d1ba:   48 8b 40 48 44 89 c1 48 ff e0 cc cc cc cc cc cc
0x00007ffcf720d1ca:   cc cc cc cc cc cc 48 8b 01 48 8b 40 18 44 89 c1
0x00007ffcf720d1da:   48 ff 60 60 cc cc 0f 28 cb 0f 28 c2 f3 0f 10 54
0x00007ffcf720d1ea:   24 28 f3 0f 10 5c 24 30 48 8b 01 48 8b 40 18 48
0x00007ffcf720d1fa:   8b 40 70 48 ff e0 0f 28 c2 48 8b 01 48 8b 40 18
0x00007ffcf720d20a:   48 ff 60 78 cc cc 48 8b 01 48 8b 40 18 44 89 c1
0x00007ffcf720d21a:   48 ff a0 88 00 00 00 cc cc cc cc cc cc cc cc cc
0x00007ffcf720d22a:   cc cc cc cc cc cc 44 89 ca 44 89 c0 44 0f b6 44
0x00007ffcf720d23a:   24 28 44 0f b6 4c 24 30 48 8b 09 48 8b 49 18 4c
0x00007ffcf720d24a:   8b 91 98 01 00 00 89 c1 49 ff e2 cc cc cc cc cc
0x00007ffcf720d25a:   cc cc cc cc cc cc 48 8b 01 48 8b 40 18 44 89 c1
0x00007ffcf720d26a:   48 ff a0 b8 01 00 00 cc cc cc cc cc cc cc cc cc 


Stack slot to memory mapping:
stack at sp + 0 slots: 0x00000175cfc1d6e1 is at code_begin+993 in an Interpreter codelet
method entry point (kind = native)  [0x00000175cfc1d300, 0x00000175cfc1dc80]  2432 bytes
stack at sp + 1 slots: {method} {0x0000017630525f58} 'glEnable' '(I)V' in 'org/lwjgl/opengl/GL11C'
stack at sp + 2 slots: 0x0 is NULL
stack at sp + 3 slots: {method} {0x00000176304e1740} 'glEnable' '(I)V' in 'org/lwjgl/opengl/GL11'
stack at sp + 4 slots: 0x00000175c0c9aa50 is a thread
stack at sp + 5 slots: 0x00000175cfc1d3b6 is at code_begin+182 in an Interpreter codelet
method entry point (kind = native)  [0x00000175cfc1d300, 0x00000175cfc1dc80]  2432 bytes
stack at sp + 6 slots: 0x00000036031ff478 is pointing into the stack for thread: 0x00000175c0c9aa50
stack at sp + 7 slots: 0x0000017630525f48 is pointing into metadata


---------------  P R O C E S S  ---------------

Threads class SMR info:
_java_thread_list=0x00000175eee0ad70, length=15, elements={
0x00000175c0c9aa50, 0x00000175eb6fda40, 0x00000175eb6fe8c0, 0x00000175eb71b4a0,
0x00000175eb71bf70, 0x00000175eb71e940, 0x00000175eb71faa0, 0x00000175eb723000,
0x00000175eb7320e0, 0x00000175eb738710, 0x00000175eeceb5a0, 0x00000175eecf6d00,
0x00000175eec441b0, 0x0000017634dc6090, 0x0000017634dc65b0
}

Java Threads: ( => current thread )
=>0x00000175c0c9aa50 JavaThread "main" [_thread_in_native, id=29116, stack(0x0000003603100000,0x0000003603200000)]
  0x00000175eb6fda40 JavaThread "Reference Handler" daemon [_thread_blocked, id=17816, stack(0x0000003603800000,0x0000003603900000)]
  0x00000175eb6fe8c0 JavaThread "Finalizer" daemon [_thread_blocked, id=27920, stack(0x0000003603900000,0x0000003603a00000)]
  0x00000175eb71b4a0 JavaThread "Signal Dispatcher" daemon [_thread_blocked, id=38152, stack(0x0000003603a00000,0x0000003603b00000)]
  0x00000175eb71bf70 JavaThread "Attach Listener" daemon [_thread_blocked, id=53168, stack(0x0000003603b00000,0x0000003603c00000)]
  0x00000175eb71e940 JavaThread "Service Thread" daemon [_thread_blocked, id=6068, stack(0x0000003603c00000,0x0000003603d00000)]
  0x00000175eb71faa0 JavaThread "Monitor Deflation Thread" daemon [_thread_blocked, id=30728, stack(0x0000003603d00000,0x0000003603e00000)]
  0x00000175eb723000 JavaThread "C2 CompilerThread0" daemon [_thread_blocked, id=9548, stack(0x0000003603e00000,0x0000003603f00000)]
  0x00000175eb7320e0 JavaThread "C1 CompilerThread0" daemon [_thread_blocked, id=44252, stack(0x0000003603f00000,0x0000003604000000)]
  0x00000175eb738710 JavaThread "Sweeper thread" daemon [_thread_blocked, id=54212, stack(0x0000003604000000,0x0000003604100000)]
  0x00000175eeceb5a0 JavaThread "Notification Thread" daemon [_thread_blocked, id=12080, stack(0x0000003604400000,0x0000003604500000)]
  0x00000175eecf6d00 JavaThread "Common-Cleaner" daemon [_thread_blocked, id=41044, stack(0x0000003604600000,0x0000003604700000)]
  0x00000175eec441b0 JavaThread "C1 CompilerThread1" daemon [_thread_blocked, id=36544, stack(0x0000003604100000,0x0000003604200000)]
  0x0000017634dc6090 JavaThread "C1 CompilerThread2" daemon [_thread_blocked, id=40796, stack(0x0000003604200000,0x0000003604300000)]
  0x0000017634dc65b0 JavaThread "C1 CompilerThread3" daemon [_thread_blocked, id=33296, stack(0x0000003604300000,0x0000003604400000)]

Other Threads:
  0x00000175eb6f8290 VMThread "VM Thread" [stack: 0x0000003603700000,0x0000003603800000] [id=35456]
  0x00000175eecefeb0 WatcherThread [stack: 0x0000003604500000,0x0000003604600000] [id=1880]
  0x00000175eb580c10 GCTaskThread "GC Thread#0" [stack: 0x0000003603200000,0x0000003603300000] [id=17308]
  0x00000175c0d22ed0 ConcurrentGCThread "G1 Main Marker" [stack: 0x0000003603300000,0x0000003603400000] [id=32020]
  0x00000175c0d238f0 ConcurrentGCThread "G1 Conc#0" [stack: 0x0000003603400000,0x0000003603500000] [id=45424]
  0x00000175eb68aa20 ConcurrentGCThread "G1 Refine#0" [stack: 0x0000003603500000,0x0000003603600000] [id=292]
  0x00000175eb68c460 ConcurrentGCThread "G1 Service" [stack: 0x0000003603600000,0x0000003603700000] [id=34872]

Threads with active compile tasks:

VM state: not at safepoint (normal execution)

VM Mutex/Monitor currently owned by a thread: None

Heap address: 0x0000000602800000, size: 8152 MB, Compressed Oops mode: Zero based, Oop shift amount: 3

CDS archive(s) mapped at: [0x00000175ef000000-0x00000175efbb0000-0x00000175efbb0000), size 12255232, SharedBaseAddress: 0x00000175ef000000, ArchiveRelocationMode: 1.
Compressed class space mapped at: 0x00000175f0000000-0x0000017630000000, reserved size: 1073741824
Narrow klass base: 0x00000175ef000000, Narrow klass shift: 0, Narrow klass range: 0x100000000

GC Precious Log:
 CPUs: 24 total, 24 available
 Memory: 32607M
 Large Page Support: Disabled
 NUMA Support: Disabled
 Compressed Oops: Enabled (Zero based)
 Heap Region Size: 4M
 Heap Min Capacity: 8M
 Heap Initial Capacity: 512M
 Heap Max Capacity: 8152M
 Pre-touch: Disabled
 Parallel Workers: 18
 Concurrent Workers: 5
 Concurrent Refinement Workers: 18
 Periodic GC: Disabled

Heap:
 garbage-first heap   total 524288K, used 8192K [0x0000000602800000, 0x0000000800000000)
  region size 4096K, 4 young (16384K), 0 survivors (0K)
 Metaspace       used 3269K, committed 3520K, reserved 1114112K
  class space    used 215K, committed 320K, reserved 1048576K

Heap Regions: E=young(eden), S=young(survivor), O=old, HS=humongous(starts), HC=humongous(continues), CS=collection set, F=free, OA=open archive, CA=closed archive, TAMS=top-at-mark-start (previous, next)
|   0|0x0000000602800000, 0x0000000602800000, 0x0000000602c00000|  0%| F|  |TAMS 0x0000000602800000, 0x0000000602800000| Untracked 
|   1|0x0000000602c00000, 0x0000000602c00000, 0x0000000603000000|  0%| F|  |TAMS 0x0000000602c00000, 0x0000000602c00000| Untracked 
|   2|0x0000000603000000, 0x0000000603000000, 0x0000000603400000|  0%| F|  |TAMS 0x0000000603000000, 0x0000000603000000| Untracked 
|   3|0x0000000603400000, 0x0000000603400000, 0x0000000603800000|  0%| F|  |TAMS 0x0000000603400000, 0x0000000603400000| Untracked 
|   4|0x0000000603800000, 0x0000000603800000, 0x0000000603c00000|  0%| F|  |TAMS 0x0000000603800000, 0x0000000603800000| Untracked 
|   5|0x0000000603c00000, 0x0000000603c00000, 0x0000000604000000|  0%| F|  |TAMS 0x0000000603c00000, 0x0000000603c00000| Untracked 
|   6|0x0000000604000000, 0x0000000604000000, 0x0000000604400000|  0%| F|  |TAMS 0x0000000604000000, 0x0000000604000000| Untracked 
|   7|0x0000000604400000, 0x0000000604400000, 0x0000000604800000|  0%| F|  |TAMS 0x0000000604400000, 0x0000000604400000| Untracked 
|   8|0x0000000604800000, 0x0000000604800000, 0x0000000604c00000|  0%| F|  |TAMS 0x0000000604800000, 0x0000000604800000| Untracked 
|   9|0x0000000604c00000, 0x0000000604c00000, 0x0000000605000000|  0%| F|  |TAMS 0x0000000604c00000, 0x0000000604c00000| Untracked 
|  10|0x0000000605000000, 0x0000000605000000, 0x0000000605400000|  0%| F|  |TAMS 0x0000000605000000, 0x0000000605000000| Untracked 
|  11|0x0000000605400000, 0x0000000605400000, 0x0000000605800000|  0%| F|  |TAMS 0x0000000605400000, 0x0000000605400000| Untracked 
|  12|0x0000000605800000, 0x0000000605800000, 0x0000000605c00000|  0%| F|  |TAMS 0x0000000605800000, 0x0000000605800000| Untracked 
|  13|0x0000000605c00000, 0x0000000605c00000, 0x0000000606000000|  0%| F|  |TAMS 0x0000000605c00000, 0x0000000605c00000| Untracked 
|  14|0x0000000606000000, 0x0000000606000000, 0x0000000606400000|  0%| F|  |TAMS 0x0000000606000000, 0x0000000606000000| Untracked 
|  15|0x0000000606400000, 0x0000000606400000, 0x0000000606800000|  0%| F|  |TAMS 0x0000000606400000, 0x0000000606400000| Untracked 
|  16|0x0000000606800000, 0x0000000606800000, 0x0000000606c00000|  0%| F|  |TAMS 0x0000000606800000, 0x0000000606800000| Untracked 
|  17|0x0000000606c00000, 0x0000000606c00000, 0x0000000607000000|  0%| F|  |TAMS 0x0000000606c00000, 0x0000000606c00000| Untracked 
|  18|0x0000000607000000, 0x0000000607000000, 0x0000000607400000|  0%| F|  |TAMS 0x0000000607000000, 0x0000000607000000| Untracked 
|  19|0x0000000607400000, 0x0000000607400000, 0x0000000607800000|  0%| F|  |TAMS 0x0000000607400000, 0x0000000607400000| Untracked 
|  20|0x0000000607800000, 0x0000000607800000, 0x0000000607c00000|  0%| F|  |TAMS 0x0000000607800000, 0x0000000607800000| Untracked 
|  21|0x0000000607c00000, 0x0000000607c00000, 0x0000000608000000|  0%| F|  |TAMS 0x0000000607c00000, 0x0000000607c00000| Untracked 
|  22|0x0000000608000000, 0x0000000608000000, 0x0000000608400000|  0%| F|  |TAMS 0x0000000608000000, 0x0000000608000000| Untracked 
|  23|0x0000000608400000, 0x0000000608400000, 0x0000000608800000|  0%| F|  |TAMS 0x0000000608400000, 0x0000000608400000| Untracked 
|  24|0x0000000608800000, 0x0000000608800000, 0x0000000608c00000|  0%| F|  |TAMS 0x0000000608800000, 0x0000000608800000| Untracked 
|  25|0x0000000608c00000, 0x0000000608c00000, 0x0000000609000000|  0%| F|  |TAMS 0x0000000608c00000, 0x0000000608c00000| Untracked 
|  26|0x0000000609000000, 0x0000000609000000, 0x0000000609400000|  0%| F|  |TAMS 0x0000000609000000, 0x0000000609000000| Untracked 
|  27|0x0000000609400000, 0x0000000609400000, 0x0000000609800000|  0%| F|  |TAMS 0x0000000609400000, 0x0000000609400000| Untracked 
|  28|0x0000000609800000, 0x0000000609800000, 0x0000000609c00000|  0%| F|  |TAMS 0x0000000609800000, 0x0000000609800000| Untracked 
|  29|0x0000000609c00000, 0x0000000609c00000, 0x000000060a000000|  0%| F|  |TAMS 0x0000000609c00000, 0x0000000609c00000| Untracked 
|  30|0x000000060a000000, 0x000000060a000000, 0x000000060a400000|  0%| F|  |TAMS 0x000000060a000000, 0x000000060a000000| Untracked 
|  31|0x000000060a400000, 0x000000060a400000, 0x000000060a800000|  0%| F|  |TAMS 0x000000060a400000, 0x000000060a400000| Untracked 
|  32|0x000000060a800000, 0x000000060a800000, 0x000000060ac00000|  0%| F|  |TAMS 0x000000060a800000, 0x000000060a800000| Untracked 
|  33|0x000000060ac00000, 0x000000060ac00000, 0x000000060b000000|  0%| F|  |TAMS 0x000000060ac00000, 0x000000060ac00000| Untracked 
|  34|0x000000060b000000, 0x000000060b000000, 0x000000060b400000|  0%| F|  |TAMS 0x000000060b000000, 0x000000060b000000| Untracked 
|  35|0x000000060b400000, 0x000000060b400000, 0x000000060b800000|  0%| F|  |TAMS 0x000000060b400000, 0x000000060b400000| Untracked 
|  36|0x000000060b800000, 0x000000060b800000, 0x000000060bc00000|  0%| F|  |TAMS 0x000000060b800000, 0x000000060b800000| Untracked 
|  37|0x000000060bc00000, 0x000000060bc00000, 0x000000060c000000|  0%| F|  |TAMS 0x000000060bc00000, 0x000000060bc00000| Untracked 
|  38|0x000000060c000000, 0x000000060c000000, 0x000000060c400000|  0%| F|  |TAMS 0x000000060c000000, 0x000000060c000000| Untracked 
|  39|0x000000060c400000, 0x000000060c400000, 0x000000060c800000|  0%| F|  |TAMS 0x000000060c400000, 0x000000060c400000| Untracked 
|  40|0x000000060c800000, 0x000000060c800000, 0x000000060cc00000|  0%| F|  |TAMS 0x000000060c800000, 0x000000060c800000| Untracked 
|  41|0x000000060cc00000, 0x000000060cc00000, 0x000000060d000000|  0%| F|  |TAMS 0x000000060cc00000, 0x000000060cc00000| Untracked 
|  42|0x000000060d000000, 0x000000060d000000, 0x000000060d400000|  0%| F|  |TAMS 0x000000060d000000, 0x000000060d000000| Untracked 
|  43|0x000000060d400000, 0x000000060d400000, 0x000000060d800000|  0%| F|  |TAMS 0x000000060d400000, 0x000000060d400000| Untracked 
|  44|0x000000060d800000, 0x000000060d800000, 0x000000060dc00000|  0%| F|  |TAMS 0x000000060d800000, 0x000000060d800000| Untracked 
|  45|0x000000060dc00000, 0x000000060dc00000, 0x000000060e000000|  0%| F|  |TAMS 0x000000060dc00000, 0x000000060dc00000| Untracked 
|  46|0x000000060e000000, 0x000000060e000000, 0x000000060e400000|  0%| F|  |TAMS 0x000000060e000000, 0x000000060e000000| Untracked 
|  47|0x000000060e400000, 0x000000060e400000, 0x000000060e800000|  0%| F|  |TAMS 0x000000060e400000, 0x000000060e400000| Untracked 
|  48|0x000000060e800000, 0x000000060e800000, 0x000000060ec00000|  0%| F|  |TAMS 0x000000060e800000, 0x000000060e800000| Untracked 
|  49|0x000000060ec00000, 0x000000060ec00000, 0x000000060f000000|  0%| F|  |TAMS 0x000000060ec00000, 0x000000060ec00000| Untracked 
|  50|0x000000060f000000, 0x000000060f000000, 0x000000060f400000|  0%| F|  |TAMS 0x000000060f000000, 0x000000060f000000| Untracked 
|  51|0x000000060f400000, 0x000000060f400000, 0x000000060f800000|  0%| F|  |TAMS 0x000000060f400000, 0x000000060f400000| Untracked 
|  52|0x000000060f800000, 0x000000060f800000, 0x000000060fc00000|  0%| F|  |TAMS 0x000000060f800000, 0x000000060f800000| Untracked 
|  53|0x000000060fc00000, 0x000000060fc00000, 0x0000000610000000|  0%| F|  |TAMS 0x000000060fc00000, 0x000000060fc00000| Untracked 
|  54|0x0000000610000000, 0x0000000610000000, 0x0000000610400000|  0%| F|  |TAMS 0x0000000610000000, 0x0000000610000000| Untracked 
|  55|0x0000000610400000, 0x0000000610400000, 0x0000000610800000|  0%| F|  |TAMS 0x0000000610400000, 0x0000000610400000| Untracked 
|  56|0x0000000610800000, 0x0000000610800000, 0x0000000610c00000|  0%| F|  |TAMS 0x0000000610800000, 0x0000000610800000| Untracked 
|  57|0x0000000610c00000, 0x0000000610c00000, 0x0000000611000000|  0%| F|  |TAMS 0x0000000610c00000, 0x0000000610c00000| Untracked 
|  58|0x0000000611000000, 0x0000000611000000, 0x0000000611400000|  0%| F|  |TAMS 0x0000000611000000, 0x0000000611000000| Untracked 
|  59|0x0000000611400000, 0x0000000611400000, 0x0000000611800000|  0%| F|  |TAMS 0x0000000611400000, 0x0000000611400000| Untracked 
|  60|0x0000000611800000, 0x0000000611800000, 0x0000000611c00000|  0%| F|  |TAMS 0x0000000611800000, 0x0000000611800000| Untracked 
|  61|0x0000000611c00000, 0x0000000611c00000, 0x0000000612000000|  0%| F|  |TAMS 0x0000000611c00000, 0x0000000611c00000| Untracked 
|  62|0x0000000612000000, 0x0000000612000000, 0x0000000612400000|  0%| F|  |TAMS 0x0000000612000000, 0x0000000612000000| Untracked 
|  63|0x0000000612400000, 0x0000000612400000, 0x0000000612800000|  0%| F|  |TAMS 0x0000000612400000, 0x0000000612400000| Untracked 
|  64|0x0000000612800000, 0x0000000612800000, 0x0000000612c00000|  0%| F|  |TAMS 0x0000000612800000, 0x0000000612800000| Untracked 
|  65|0x0000000612c00000, 0x0000000612c00000, 0x0000000613000000|  0%| F|  |TAMS 0x0000000612c00000, 0x0000000612c00000| Untracked 
|  66|0x0000000613000000, 0x0000000613000000, 0x0000000613400000|  0%| F|  |TAMS 0x0000000613000000, 0x0000000613000000| Untracked 
|  67|0x0000000613400000, 0x0000000613400000, 0x0000000613800000|  0%| F|  |TAMS 0x0000000613400000, 0x0000000613400000| Untracked 
|  68|0x0000000613800000, 0x0000000613800000, 0x0000000613c00000|  0%| F|  |TAMS 0x0000000613800000, 0x0000000613800000| Untracked 
|  69|0x0000000613c00000, 0x0000000613c00000, 0x0000000614000000|  0%| F|  |TAMS 0x0000000613c00000, 0x0000000613c00000| Untracked 
|  70|0x0000000614000000, 0x0000000614000000, 0x0000000614400000|  0%| F|  |TAMS 0x0000000614000000, 0x0000000614000000| Untracked 
|  71|0x0000000614400000, 0x0000000614400000, 0x0000000614800000|  0%| F|  |TAMS 0x0000000614400000, 0x0000000614400000| Untracked 
|  72|0x0000000614800000, 0x0000000614800000, 0x0000000614c00000|  0%| F|  |TAMS 0x0000000614800000, 0x0000000614800000| Untracked 
|  73|0x0000000614c00000, 0x0000000614c00000, 0x0000000615000000|  0%| F|  |TAMS 0x0000000614c00000, 0x0000000614c00000| Untracked 
|  74|0x0000000615000000, 0x0000000615000000, 0x0000000615400000|  0%| F|  |TAMS 0x0000000615000000, 0x0000000615000000| Untracked 
|  75|0x0000000615400000, 0x0000000615400000, 0x0000000615800000|  0%| F|  |TAMS 0x0000000615400000, 0x0000000615400000| Untracked 
|  76|0x0000000615800000, 0x0000000615800000, 0x0000000615c00000|  0%| F|  |TAMS 0x0000000615800000, 0x0000000615800000| Untracked 
|  77|0x0000000615c00000, 0x0000000615c00000, 0x0000000616000000|  0%| F|  |TAMS 0x0000000615c00000, 0x0000000615c00000| Untracked 
|  78|0x0000000616000000, 0x0000000616000000, 0x0000000616400000|  0%| F|  |TAMS 0x0000000616000000, 0x0000000616000000| Untracked 
|  79|0x0000000616400000, 0x0000000616400000, 0x0000000616800000|  0%| F|  |TAMS 0x0000000616400000, 0x0000000616400000| Untracked 
|  80|0x0000000616800000, 0x0000000616800000, 0x0000000616c00000|  0%| F|  |TAMS 0x0000000616800000, 0x0000000616800000| Untracked 
|  81|0x0000000616c00000, 0x0000000616c00000, 0x0000000617000000|  0%| F|  |TAMS 0x0000000616c00000, 0x0000000616c00000| Untracked 
|  82|0x0000000617000000, 0x0000000617000000, 0x0000000617400000|  0%| F|  |TAMS 0x0000000617000000, 0x0000000617000000| Untracked 
|  83|0x0000000617400000, 0x0000000617400000, 0x0000000617800000|  0%| F|  |TAMS 0x0000000617400000, 0x0000000617400000| Untracked 
|  84|0x0000000617800000, 0x0000000617800000, 0x0000000617c00000|  0%| F|  |TAMS 0x0000000617800000, 0x0000000617800000| Untracked 
|  85|0x0000000617c00000, 0x0000000617c00000, 0x0000000618000000|  0%| F|  |TAMS 0x0000000617c00000, 0x0000000617c00000| Untracked 
|  86|0x0000000618000000, 0x0000000618000000, 0x0000000618400000|  0%| F|  |TAMS 0x0000000618000000, 0x0000000618000000| Untracked 
|  87|0x0000000618400000, 0x0000000618400000, 0x0000000618800000|  0%| F|  |TAMS 0x0000000618400000, 0x0000000618400000| Untracked 
|  88|0x0000000618800000, 0x0000000618800000, 0x0000000618c00000|  0%| F|  |TAMS 0x0000000618800000, 0x0000000618800000| Untracked 
|  89|0x0000000618c00000, 0x0000000618c00000, 0x0000000619000000|  0%| F|  |TAMS 0x0000000618c00000, 0x0000000618c00000| Untracked 
|  90|0x0000000619000000, 0x0000000619000000, 0x0000000619400000|  0%| F|  |TAMS 0x0000000619000000, 0x0000000619000000| Untracked 
|  91|0x0000000619400000, 0x0000000619400000, 0x0000000619800000|  0%| F|  |TAMS 0x0000000619400000, 0x0000000619400000| Untracked 
|  92|0x0000000619800000, 0x0000000619800000, 0x0000000619c00000|  0%| F|  |TAMS 0x0000000619800000, 0x0000000619800000| Untracked 
|  93|0x0000000619c00000, 0x0000000619c00000, 0x000000061a000000|  0%| F|  |TAMS 0x0000000619c00000, 0x0000000619c00000| Untracked 
|  94|0x000000061a000000, 0x000000061a000000, 0x000000061a400000|  0%| F|  |TAMS 0x000000061a000000, 0x000000061a000000| Untracked 
|  95|0x000000061a400000, 0x000000061a400000, 0x000000061a800000|  0%| F|  |TAMS 0x000000061a400000, 0x000000061a400000| Untracked 
|  96|0x000000061a800000, 0x000000061a800000, 0x000000061ac00000|  0%| F|  |TAMS 0x000000061a800000, 0x000000061a800000| Untracked 
|  97|0x000000061ac00000, 0x000000061ac00000, 0x000000061b000000|  0%| F|  |TAMS 0x000000061ac00000, 0x000000061ac00000| Untracked 
|  98|0x000000061b000000, 0x000000061b000000, 0x000000061b400000|  0%| F|  |TAMS 0x000000061b000000, 0x000000061b000000| Untracked 
|  99|0x000000061b400000, 0x000000061b400000, 0x000000061b800000|  0%| F|  |TAMS 0x000000061b400000, 0x000000061b400000| Untracked 
| 100|0x000000061b800000, 0x000000061b800000, 0x000000061bc00000|  0%| F|  |TAMS 0x000000061b800000, 0x000000061b800000| Untracked 
| 101|0x000000061bc00000, 0x000000061bc00000, 0x000000061c000000|  0%| F|  |TAMS 0x000000061bc00000, 0x000000061bc00000| Untracked 
| 102|0x000000061c000000, 0x000000061c000000, 0x000000061c400000|  0%| F|  |TAMS 0x000000061c000000, 0x000000061c000000| Untracked 
| 103|0x000000061c400000, 0x000000061c400000, 0x000000061c800000|  0%| F|  |TAMS 0x000000061c400000, 0x000000061c400000| Untracked 
| 104|0x000000061c800000, 0x000000061c800000, 0x000000061cc00000|  0%| F|  |TAMS 0x000000061c800000, 0x000000061c800000| Untracked 
| 105|0x000000061cc00000, 0x000000061cc00000, 0x000000061d000000|  0%| F|  |TAMS 0x000000061cc00000, 0x000000061cc00000| Untracked 
| 106|0x000000061d000000, 0x000000061d000000, 0x000000061d400000|  0%| F|  |TAMS 0x000000061d000000, 0x000000061d000000| Untracked 
| 107|0x000000061d400000, 0x000000061d400000, 0x000000061d800000|  0%| F|  |TAMS 0x000000061d400000, 0x000000061d400000| Untracked 
| 108|0x000000061d800000, 0x000000061d800000, 0x000000061dc00000|  0%| F|  |TAMS 0x000000061d800000, 0x000000061d800000| Untracked 
| 109|0x000000061dc00000, 0x000000061dc00000, 0x000000061e000000|  0%| F|  |TAMS 0x000000061dc00000, 0x000000061dc00000| Untracked 
| 110|0x000000061e000000, 0x000000061e000000, 0x000000061e400000|  0%| F|  |TAMS 0x000000061e000000, 0x000000061e000000| Untracked 
| 111|0x000000061e400000, 0x000000061e400000, 0x000000061e800000|  0%| F|  |TAMS 0x000000061e400000, 0x000000061e400000| Untracked 
| 112|0x000000061e800000, 0x000000061e800000, 0x000000061ec00000|  0%| F|  |TAMS 0x000000061e800000, 0x000000061e800000| Untracked 
| 113|0x000000061ec00000, 0x000000061ec00000, 0x000000061f000000|  0%| F|  |TAMS 0x000000061ec00000, 0x000000061ec00000| Untracked 
| 114|0x000000061f000000, 0x000000061f000000, 0x000000061f400000|  0%| F|  |TAMS 0x000000061f000000, 0x000000061f000000| Untracked 
| 115|0x000000061f400000, 0x000000061f400000, 0x000000061f800000|  0%| F|  |TAMS 0x000000061f400000, 0x000000061f400000| Untracked 
| 116|0x000000061f800000, 0x000000061f800000, 0x000000061fc00000|  0%| F|  |TAMS 0x000000061f800000, 0x000000061f800000| Untracked 
| 117|0x000000061fc00000, 0x000000061fc00000, 0x0000000620000000|  0%| F|  |TAMS 0x000000061fc00000, 0x000000061fc00000| Untracked 
| 118|0x0000000620000000, 0x0000000620000000, 0x0000000620400000|  0%| F|  |TAMS 0x0000000620000000, 0x0000000620000000| Untracked 
| 119|0x0000000620400000, 0x0000000620400000, 0x0000000620800000|  0%| F|  |TAMS 0x0000000620400000, 0x0000000620400000| Untracked 
| 120|0x0000000620800000, 0x0000000620800000, 0x0000000620c00000|  0%| F|  |TAMS 0x0000000620800000, 0x0000000620800000| Untracked 
| 121|0x0000000620c00000, 0x0000000620c00000, 0x0000000621000000|  0%| F|  |TAMS 0x0000000620c00000, 0x0000000620c00000| Untracked 
| 122|0x0000000621000000, 0x0000000621000000, 0x0000000621400000|  0%| F|  |TAMS 0x0000000621000000, 0x0000000621000000| Untracked 
| 123|0x0000000621400000, 0x0000000621400000, 0x0000000621800000|  0%| F|  |TAMS 0x0000000621400000, 0x0000000621400000| Untracked 
| 124|0x0000000621800000, 0x0000000621a7d408, 0x0000000621c00000| 62%| E|  |TAMS 0x0000000621800000, 0x0000000621800000| Complete 
| 125|0x0000000621c00000, 0x0000000622000000, 0x0000000622000000|100%| E|CS|TAMS 0x0000000621c00000, 0x0000000621c00000| Complete 
| 126|0x0000000622000000, 0x0000000622400000, 0x0000000622400000|100%| E|  |TAMS 0x0000000622000000, 0x0000000622000000| Complete 
| 127|0x0000000622400000, 0x0000000622800000, 0x0000000622800000|100%| E|CS|TAMS 0x0000000622400000, 0x0000000622400000| Complete 

Card table byte_map: [0x00000175d9590000,0x00000175da580000] _byte_map_base: 0x00000175d657c000

Marking Bits (Prev, Next): (CMBitMap*) 0x00000175c0d126e0, (CMBitMap*) 0x00000175c0d12720
 Prev Bits: [0x00000175db570000, 0x00000175e34d0000)
 Next Bits: [0x00000175e34d0000, 0x00000175eb430000)

Polling page: 0x00000175bec20000

Metaspace:

Usage:
  Non-class:      2.98 MB used.
      Class:    215.13 KB used.
       Both:      3.19 MB used.

Virtual space:
  Non-class space:       64.00 MB reserved,       3.12 MB (  5%) committed,  1 nodes.
      Class space:        1.00 GB reserved,     320.00 KB ( <1%) committed,  1 nodes.
             Both:        1.06 GB reserved,       3.44 MB ( <1%) committed. 

Chunk freelists:
   Non-Class:  10.80 MB
       Class:  15.66 MB
        Both:  26.46 MB

MaxMetaspaceSize: unlimited
CompressedClassSpaceSize: 1.00 GB
Initial GC threshold: 21.00 MB
Current GC threshold: 21.00 MB
CDS: on
MetaspaceReclaimPolicy: balanced
 - commit_granule_bytes: 65536.
 - commit_granule_words: 8192.
 - virtual_space_node_default_size: 8388608.
 - enlarge_chunks_in_place: 1.
 - new_chunks_are_fully_committed: 0.
 - uncommit_free_chunks: 1.
 - use_allocation_guard: 0.
 - handle_deallocations: 1.


Internal statistics:

num_allocs_failed_limit: 0.
num_arena_births: 78.
num_arena_deaths: 0.
num_vsnodes_births: 2.
num_vsnodes_deaths: 0.
num_space_committed: 55.
num_space_uncommitted: 0.
num_chunks_returned_to_freelist: 0.
num_chunks_taken_from_freelist: 144.
num_chunk_merges: 0.
num_chunk_splits: 93.
num_chunks_enlarged: 64.
num_inconsistent_stats: 0.

CodeHeap 'non-profiled nmethods': size=119168Kb used=257Kb max_used=257Kb free=118910Kb
 bounds [0x00000175d0360000, 0x00000175d05d0000, 0x00000175d77c0000]
CodeHeap 'profiled nmethods': size=119104Kb used=1585Kb max_used=1585Kb free=117518Kb
 bounds [0x00000175c87c0000, 0x00000175c8a30000, 0x00000175cfc10000]
CodeHeap 'non-nmethods': size=7488Kb used=3287Kb max_used=3302Kb free=4200Kb
 bounds [0x00000175cfc10000, 0x00000175cff60000, 0x00000175d0360000]
 total_blobs=1870 nmethods=842 adapters=938
 compilation: enabled
              stopped_count=0, restarted_count=0
 full_count=0

Compilation events (20 events):
Event: 30.521 Thread 0x0000017634dc65b0 nmethod 832 0x00000175c8948510 code [0x00000175c89486c0, 0x00000175c89489c8]
Event: 30.521 Thread 0x00000175eb723000 nmethod 831 0x00000175d039f490 code [0x00000175d039f620, 0x00000175d039f858]
Event: 30.521 Thread 0x00000175eb723000  834   !   4       java.nio.DirectByteBuffer::get (34 bytes)
Event: 30.521 Thread 0x0000017634dc6090  835       3       jdk.internal.jimage.ImageLocation::verify (218 bytes)
Event: 30.522 Thread 0x0000017634dc6090 nmethod 835 0x00000175c8948a90 code [0x00000175c8948d40, 0x00000175c8949ad8]
Event: 30.522 Thread 0x00000175eb723000 nmethod 834 0x00000175d039f990 code [0x00000175d039fb00, 0x00000175d039fbb8]
Event: 30.523 Thread 0x0000017634dc6090  836       1       org.lwjgl.system.Pointer$Default::address (5 bytes)
Event: 30.523 Thread 0x0000017634dc6090 nmethod 836 0x00000175d039fc90 code [0x00000175d039fe20, 0x00000175d039fef8]
Event: 30.523 Thread 0x0000017634dc6090  837       3       sun.misc.Unsafe::putLong (11 bytes)
Event: 30.523 Thread 0x00000175eb723000  838       4       java.lang.Integer::toUnsignedLong (7 bytes)
Event: 30.523 Thread 0x00000175eec441b0  839       3       org.lwjgl.system.MemoryUtil::memPutAddress (29 bytes)
Event: 30.523 Thread 0x0000017634dc6090 nmethod 837 0x00000175c894a010 code [0x00000175c894a1a0, 0x00000175c894a2b8]
Event: 30.523 Thread 0x00000175eec441b0 nmethod 839 0x00000175c894a390 code [0x00000175c894a540, 0x00000175c894a738]
Event: 30.523 Thread 0x00000175eb723000 nmethod 838 0x00000175d039ff90 code [0x00000175d03a0100, 0x00000175d03a0158]
Event: 30.523 Thread 0x00000175eb723000  840       4       sun.misc.Unsafe::putLong (11 bytes)
Event: 30.523 Thread 0x00000175eec441b0  841       3       java.lang.StringLatin1::indexOf (25 bytes)
Event: 30.523 Thread 0x00000175eec441b0 nmethod 841 0x00000175c894a810 code [0x00000175c894a9c0, 0x00000175c894abc8]
Event: 30.523 Thread 0x00000175eec441b0  842       3       java.util.WeakHashMap::put (160 bytes)
Event: 30.523 Thread 0x00000175eb723000 nmethod 840 0x00000175d03a0290 code [0x00000175d03a0400, 0x00000175d03a0498]
Event: 30.524 Thread 0x00000175eec441b0 nmethod 842 0x00000175c894ac90 code [0x00000175c894af20, 0x00000175c894bfa8]

GC Heap History (0 events):
No events

Dll operation events (8 events):
Event: 0.004 Loaded shared library C:\Users\mills\.jabba\jdk\temurin@17.0.12\bin\java.dll
Event: 0.014 Loaded shared library C:\Users\mills\.jabba\jdk\temurin@17.0.12\bin\jsvml.dll
Event: 0.060 Loaded shared library C:\Users\mills\.jabba\jdk\temurin@17.0.12\bin\jimage.dll
Event: 30.332 Loaded shared library C:\Users\mills\.jabba\jdk\temurin@17.0.12\bin\net.dll
Event: 30.333 Loaded shared library C:\Users\mills\.jabba\jdk\temurin@17.0.12\bin\nio.dll
Event: 30.334 Loaded shared library C:\Users\mills\.jabba\jdk\temurin@17.0.12\bin\zip.dll
Event: 30.368 Loaded shared library C:\Users\mills\AppData\Local\Temp\lwjgl_mills\3.3.4+7\x64\lwjgl.dll
Event: 30.515 Loaded shared library C:\Users\mills\AppData\Local\Temp\lwjgl_mills\3.3.4+7\x64\lwjgl_opengl.dll

Deoptimization events (20 events):
Event: 30.388 Thread 0x00000175c0c9aa50 DEOPT PACKING pc=0x00000175d038cbf0 sp=0x00000036031fd520
Event: 30.388 Thread 0x00000175c0c9aa50 DEOPT UNPACKING pc=0x00000175cfc669a3 sp=0x00000036031fd4f0 mode 2
Event: 30.396 Thread 0x00000175c0c9aa50 Uncommon trap: trap_request=0xffffffde fr.pc=0x00000175d0392274 relative=0x0000000000000434
Event: 30.396 Thread 0x00000175c0c9aa50 Uncommon trap: reason=class_check action=maybe_recompile pc=0x00000175d0392274 method=java.util.HashMap.getNode(Ljava/lang/Object;)Ljava/util/HashMap$Node; @ 63 c2
Event: 30.396 Thread 0x00000175c0c9aa50 DEOPT PACKING pc=0x00000175d0392274 sp=0x00000036031fe0f0
Event: 30.396 Thread 0x00000175c0c9aa50 DEOPT UNPACKING pc=0x00000175cfc669a3 sp=0x00000036031fdff8 mode 2
Event: 30.509 Thread 0x00000175c0c9aa50 Uncommon trap: trap_request=0xffffff45 fr.pc=0x00000175d038f6a4 relative=0x00000000000002e4
Event: 30.509 Thread 0x00000175c0c9aa50 Uncommon trap: reason=unstable_if action=reinterpret pc=0x00000175d038f6a4 method=java.util.jar.Manifest$FastInputStream.readLine([BII)I @ 48 c2
Event: 30.509 Thread 0x00000175c0c9aa50 DEOPT PACKING pc=0x00000175d038f6a4 sp=0x00000036031fe1f0
Event: 30.509 Thread 0x00000175c0c9aa50 DEOPT UNPACKING pc=0x00000175cfc669a3 sp=0x00000036031fe188 mode 2
Event: 30.512 Thread 0x00000175c0c9aa50 DEOPT PACKING pc=0x00000175c882f9e5 sp=0x00000036031fd070
Event: 30.512 Thread 0x00000175c0c9aa50 DEOPT UNPACKING pc=0x00000175cfc67143 sp=0x00000036031fc4e8 mode 0
Event: 30.513 Thread 0x00000175c0c9aa50 Uncommon trap: trap_request=0xffffffde fr.pc=0x00000175d0392274 relative=0x0000000000000434
Event: 30.513 Thread 0x00000175c0c9aa50 Uncommon trap: reason=class_check action=maybe_recompile pc=0x00000175d0392274 method=java.util.HashMap.getNode(Ljava/lang/Object;)Ljava/util/HashMap$Node; @ 63 c2
Event: 30.513 Thread 0x00000175c0c9aa50 DEOPT PACKING pc=0x00000175d0392274 sp=0x00000036031fd5a0
Event: 30.513 Thread 0x00000175c0c9aa50 DEOPT UNPACKING pc=0x00000175cfc669a3 sp=0x00000036031fd4a8 mode 2
Event: 30.519 Thread 0x00000175c0c9aa50 Uncommon trap: trap_request=0xffffffde fr.pc=0x00000175d0392274 relative=0x0000000000000434
Event: 30.519 Thread 0x00000175c0c9aa50 Uncommon trap: reason=class_check action=maybe_recompile pc=0x00000175d0392274 method=java.util.HashMap.getNode(Ljava/lang/Object;)Ljava/util/HashMap$Node; @ 63 c2
Event: 30.519 Thread 0x00000175c0c9aa50 DEOPT PACKING pc=0x00000175d0392274 sp=0x00000036031face0
Event: 30.519 Thread 0x00000175c0c9aa50 DEOPT UNPACKING pc=0x00000175cfc669a3 sp=0x00000036031fabe8 mode 2

Classes loaded (20 events):
Event: 30.400 Loading class java/nio/DirectDoubleBufferU
Event: 30.400 Loading class java/nio/DirectDoubleBufferU done
Event: 30.400 Loading class sun/misc/Unsafe
Event: 30.400 Loading class sun/misc/Unsafe done
Event: 30.400 Loading class jdk/internal/reflect/UnsafeFieldAccessorFactory
Event: 30.400 Loading class jdk/internal/reflect/UnsafeFieldAccessorFactory done
Event: 30.400 Loading class jdk/internal/reflect/UnsafeQualifiedStaticObjectFieldAccessorImpl
Event: 30.400 Loading class jdk/internal/reflect/UnsafeQualifiedStaticFieldAccessorImpl
Event: 30.400 Loading class jdk/internal/reflect/UnsafeQualifiedStaticFieldAccessorImpl done
Event: 30.400 Loading class jdk/internal/reflect/UnsafeQualifiedStaticObjectFieldAccessorImpl done
Event: 30.401 Loading class java/util/function/LongPredicate
Event: 30.401 Loading class java/util/function/LongPredicate done
Event: 30.401 Loading class jdk/internal/access/foreign/MemorySegmentProxy
Event: 30.402 Loading class jdk/internal/access/foreign/MemorySegmentProxy done
Event: 30.403 Loading class java/nio/InvalidMarkException
Event: 30.403 Loading class java/nio/InvalidMarkException done
Event: 30.403 Loading class java/nio/BufferUnderflowException
Event: 30.403 Loading class java/nio/BufferUnderflowException done
Event: 30.514 Loading class jdk/internal/misc/ScopedMemoryAccess$Scope
Event: 30.514 Loading class jdk/internal/misc/ScopedMemoryAccess$Scope done

Classes unloaded (0 events):
No events

Classes redefined (0 events):
No events

Internal exceptions (20 events):
Event: 30.346 Thread 0x00000175c0c9aa50 Exception <a 'java/lang/NoSuchMethodError'{0x00000006221a5af8}: 'java.lang.Object java.lang.invoke.DirectMethodHandle$Holder.invokeStatic(java.lang.Object, java.lang.Object, int)'> (0x00000006221a5af8) 
thrown [s\src\hotspot\share\interpreter\linkResolver.cpp, line 759]
Event: 30.346 Thread 0x00000175c0c9aa50 Exception <a 'java/lang/NoSuchMethodError'{0x00000006221b17e8}: 'void java.lang.invoke.DelegatingMethodHandle$Holder.delegate(java.lang.Object, java.lang.Object, int, java.lang.Object)'> (0x00000006221b17e8) 
thrown [s\src\hotspot\share\interpreter\linkResolver.cpp, line 759]
Event: 30.347 Thread 0x00000175c0c9aa50 Exception <a 'java/lang/NoSuchMethodError'{0x00000006221b5a28}: 'int java.lang.invoke.DirectMethodHandle$Holder.invokeSpecial(java.lang.Object, java.lang.Object, java.lang.Object)'> (0x00000006221b5a28) 
thrown [s\src\hotspot\share\interpreter\linkResolver.cpp, line 759]
Event: 30.370 Thread 0x00000175c0c9aa50 Exception <a 'sun/nio/fs/WindowsException'{0x0000000621d16f38}> (0x0000000621d16f38) 
thrown [s\src\hotspot\share\prims\jni.cpp, line 516]
Event: 30.370 Thread 0x00000175c0c9aa50 Exception <a 'sun/nio/fs/WindowsException'{0x0000000621d17488}> (0x0000000621d17488) 
thrown [s\src\hotspot\share\prims\jni.cpp, line 516]
Event: 30.398 Thread 0x00000175c0c9aa50 Exception <a 'sun/nio/fs/WindowsException'{0x0000000621fd09e0}> (0x0000000621fd09e0) 
thrown [s\src\hotspot\share\prims\jni.cpp, line 516]
Event: 30.398 Thread 0x00000175c0c9aa50 Exception <a 'sun/nio/fs/WindowsException'{0x0000000621fd0d40}> (0x0000000621fd0d40) 
thrown [s\src\hotspot\share\prims\jni.cpp, line 516]
Event: 30.399 Thread 0x00000175c0c9aa50 Exception <a 'java/lang/NoSuchMethodError'{0x0000000621ff7700}: 'java.lang.Object java.lang.invoke.DirectMethodHandle$Holder.invokeStaticInit(java.lang.Object)'> (0x0000000621ff7700) 
thrown [s\src\hotspot\share\interpreter\linkResolver.cpp, line 759]
Event: 30.401 Thread 0x00000175c0c9aa50 Exception <a 'java/lang/NoSuchMethodError'{0x0000000621820df0}: 'int java.lang.invoke.DirectMethodHandle$Holder.invokeStaticInit(java.lang.Object, java.lang.Object, int, long)'> (0x0000000621820df0) 
thrown [s\src\hotspot\share\interpreter\linkResolver.cpp, line 759]
Event: 30.401 Thread 0x00000175c0c9aa50 Exception <a 'java/lang/NoSuchMethodError'{0x00000006218266b8}: 'java.lang.Object java.lang.invoke.DirectMethodHandle$Holder.newInvokeSpecial(java.lang.Object, java.lang.Object, int)'> (0x00000006218266b8) 
thrown [s\src\hotspot\share\interpreter\linkResolver.cpp, line 759]
Event: 30.402 Thread 0x00000175c0c9aa50 Exception <a 'java/lang/NoSuchMethodError'{0x0000000621835988}: 'int java.lang.invoke.DirectMethodHandle$Holder.invokeStaticInit(java.lang.Object, java.lang.Object, long, long)'> (0x0000000621835988) 
thrown [s\src\hotspot\share\interpreter\linkResolver.cpp, line 759]
Event: 30.402 Thread 0x00000175c0c9aa50 Exception <a 'java/lang/NoSuchMethodError'{0x000000062183b710}: 'java.lang.Object java.lang.invoke.DirectMethodHandle$Holder.newInvokeSpecial(java.lang.Object, java.lang.Object, long)'> (0x000000062183b710) 
thrown [s\src\hotspot\share\interpreter\linkResolver.cpp, line 759]
Event: 30.402 Thread 0x00000175c0c9aa50 Exception <a 'java/lang/NoSuchMethodError'{0x000000062183f280}: 'java.lang.Object java.lang.invoke.Invokers$Holder.linkToTargetMethod(java.lang.Object, long, java.lang.Object)'> (0x000000062183f280) 
thrown [s\src\hotspot\share\interpreter\linkResolver.cpp, line 759]
Event: 30.403 Thread 0x00000175c0c9aa50 Exception <a 'java/lang/NoSuchMethodError'{0x0000000621846880}: 'int java.lang.invoke.DirectMethodHandle$Holder.invokeStaticInit(java.lang.Object, java.lang.Object, java.lang.Object, long)'> (0x0000000621846880) 
thrown [s\src\hotspot\share\interpreter\linkResolver.cpp, line 759]
Event: 30.514 Thread 0x00000175c0c9aa50 Exception <a 'sun/nio/fs/WindowsException'{0x0000000621934db8}> (0x0000000621934db8) 
thrown [s\src\hotspot\share\prims\jni.cpp, line 516]
Event: 30.514 Thread 0x00000175c0c9aa50 Exception <a 'sun/nio/fs/WindowsException'{0x0000000621935158}> (0x0000000621935158) 
thrown [s\src\hotspot\share\prims\jni.cpp, line 516]
Event: 30.517 Thread 0x00000175c0c9aa50 Exception <a 'sun/nio/fs/WindowsException'{0x0000000621948f98}> (0x0000000621948f98) 
thrown [s\src\hotspot\share\prims\jni.cpp, line 516]
Event: 30.517 Thread 0x00000175c0c9aa50 Exception <a 'sun/nio/fs/WindowsException'{0x0000000621949268}> (0x0000000621949268) 
thrown [s\src\hotspot\share\prims\jni.cpp, line 516]
Event: 30.521 Thread 0x00000175c0c9aa50 Exception <a 'sun/nio/fs/WindowsException'{0x000000062197d068}> (0x000000062197d068) 
thrown [s\src\hotspot\share\prims\jni.cpp, line 516]
Event: 30.521 Thread 0x00000175c0c9aa50 Exception <a 'sun/nio/fs/WindowsException'{0x000000062197d3f8}> (0x000000062197d3f8) 
thrown [s\src\hotspot\share\prims\jni.cpp, line 516]

VM Operations (10 events):
Event: 1.018 Executing VM operation: Cleanup
Event: 1.018 Executing VM operation: Cleanup done
Event: 30.335 Executing VM operation: HandshakeAllThreads
Event: 30.335 Executing VM operation: HandshakeAllThreads done
Event: 30.386 Executing VM operation: HandshakeAllThreads
Event: 30.386 Executing VM operation: HandshakeAllThreads done
Event: 30.386 Executing VM operation: Cleanup
Event: 30.386 Executing VM operation: Cleanup done
Event: 30.400 Executing VM operation: HandshakeAllThreads
Event: 30.400 Executing VM operation: HandshakeAllThreads done

Events (20 events):
Event: 0.018 Thread 0x00000175eb723000 Thread added: 0x00000175eb723000
Event: 0.018 Thread 0x00000175eb7320e0 Thread added: 0x00000175eb7320e0
Event: 0.018 Thread 0x00000175eb738710 Thread added: 0x00000175eb738710
Event: 0.041 Thread 0x00000175eec8e2f0 Thread added: 0x00000175eec8e2f0
Event: 0.041 Thread 0x00000175eec908d0 Thread added: 0x00000175eec908d0
Event: 0.041 Thread 0x00000175eec90ea0 Thread added: 0x00000175eec90ea0
Event: 0.042 Thread 0x00000175eeceb5a0 Thread added: 0x00000175eeceb5a0
Event: 0.052 Thread 0x00000175eecf6d00 Thread added: 0x00000175eecf6d00
Event: 5.082 Thread 0x00000175eec90ea0 Thread exited: 0x00000175eec90ea0
Event: 10.093 Thread 0x00000175eec908d0 Thread exited: 0x00000175eec908d0
Event: 10.093 Thread 0x00000175eec8e2f0 Thread exited: 0x00000175eec8e2f0
Event: 16.057 Thread 0x00000175eed00290 Thread added: 0x00000175eed00290
Event: 19.586 Thread 0x00000175eed00290 Thread exited: 0x00000175eed00290
Event: 30.334 Thread 0x00000175eec441b0 Thread added: 0x00000175eec441b0
Event: 30.352 Thread 0x00000175eee0a5f0 Thread added: 0x00000175eee0a5f0
Event: 30.355 Thread 0x00000175eeddac80 Thread added: 0x00000175eeddac80
Event: 30.508 Thread 0x00000175eeddac80 Thread exited: 0x00000175eeddac80
Event: 30.508 Thread 0x00000175eee0a5f0 Thread exited: 0x00000175eee0a5f0
Event: 30.516 Thread 0x0000017634dc6090 Thread added: 0x0000017634dc6090
Event: 30.516 Thread 0x0000017634dc65b0 Thread added: 0x0000017634dc65b0


Dynamic libraries:
0x00007ff65e460000 - 0x00007ff65e46e000 	C:\Users\mills\.jabba\jdk\temurin@17.0.12\bin\java.exe
0x00007ffd341f0000 - 0x00007ffd34407000 	C:\Windows\SYSTEM32\ntdll.dll
0x00007ffd33330000 - 0x00007ffd333f4000 	C:\Windows\System32\KERNEL32.DLL
0x00007ffd31960000 - 0x00007ffd31d1a000 	C:\Windows\System32\KERNELBASE.dll
0x00007ffd31560000 - 0x00007ffd31671000 	C:\Windows\System32\ucrtbase.dll
0x00007ffd25110000 - 0x00007ffd25127000 	C:\Users\mills\.jabba\jdk\temurin@17.0.12\bin\jli.dll
0x00007ffd250c0000 - 0x00007ffd250db000 	C:\Users\mills\.jabba\jdk\temurin@17.0.12\bin\VCRUNTIME140.dll
0x00007ffd33180000 - 0x00007ffd3332e000 	C:\Windows\System32\USER32.dll
0x00007ffd1d220000 - 0x00007ffd1d4b2000 	C:\Windows\WinSxS\amd64_microsoft.windows.common-controls_6595b64144ccf1df_6.0.22621.4541_none_2710d1c57384c085\COMCTL32.dll
0x00007ffd318b0000 - 0x00007ffd318d6000 	C:\Windows\System32\win32u.dll
0x00007ffd33d10000 - 0x00007ffd33db7000 	C:\Windows\System32\msvcrt.dll
0x00007ffd33150000 - 0x00007ffd33179000 	C:\Windows\System32\GDI32.dll
0x00007ffd31dc0000 - 0x00007ffd31edb000 	C:\Windows\System32\gdi32full.dll
0x00007ffd31d20000 - 0x00007ffd31dba000 	C:\Windows\System32\msvcp_win.dll
0x00007ffd336f0000 - 0x00007ffd33721000 	C:\Windows\System32\IMM32.DLL
0x00007ffd2dca0000 - 0x00007ffd2dcac000 	C:\Users\mills\.jabba\jdk\temurin@17.0.12\bin\vcruntime140_1.dll
0x00007ffd10c10000 - 0x00007ffd10c9d000 	C:\Users\mills\.jabba\jdk\temurin@17.0.12\bin\msvcp140.dll
0x00007ffc95870000 - 0x00007ffc964da000 	C:\Users\mills\.jabba\jdk\temurin@17.0.12\bin\server\jvm.dll
0x00007ffd31ee0000 - 0x00007ffd31f92000 	C:\Windows\System32\ADVAPI32.dll
0x00007ffd33dc0000 - 0x00007ffd33e67000 	C:\Windows\System32\sechost.dll
0x00007ffd314b0000 - 0x00007ffd314d8000 	C:\Windows\System32\bcrypt.dll
0x00007ffd32bb0000 - 0x00007ffd32cc4000 	C:\Windows\System32\RPCRT4.dll
0x00007ffd338f0000 - 0x00007ffd33961000 	C:\Windows\System32\WS2_32.dll
0x00007ffd30340000 - 0x00007ffd3038d000 	C:\Windows\SYSTEM32\POWRPROF.dll
0x00007ffd27650000 - 0x00007ffd27684000 	C:\Windows\SYSTEM32\WINMM.dll
0x00007ffd2b400000 - 0x00007ffd2b40a000 	C:\Windows\SYSTEM32\VERSION.dll
0x00007ffd30320000 - 0x00007ffd30333000 	C:\Windows\SYSTEM32\UMPDC.dll
0x00007ffd305e0000 - 0x00007ffd305f8000 	C:\Windows\SYSTEM32\kernel.appcore.dll
0x00007ffd2da40000 - 0x00007ffd2da4a000 	C:\Users\mills\.jabba\jdk\temurin@17.0.12\bin\jimage.dll
0x00007ffd26a80000 - 0x00007ffd26cb2000 	C:\Windows\SYSTEM32\DBGHELP.DLL
0x00007ffd33970000 - 0x00007ffd33d01000 	C:\Windows\System32\combase.dll
0x00007ffd33e70000 - 0x00007ffd33f47000 	C:\Windows\System32\OLEAUT32.dll
0x00007ffd16d80000 - 0x00007ffd16db2000 	C:\Windows\SYSTEM32\dbgcore.DLL
0x00007ffd314e0000 - 0x00007ffd3155b000 	C:\Windows\System32\bcryptPrimitives.dll
0x00007ffd24c00000 - 0x00007ffd24c25000 	C:\Users\mills\.jabba\jdk\temurin@17.0.12\bin\java.dll
0x00007ffcf32e0000 - 0x00007ffcf33b7000 	C:\Users\mills\.jabba\jdk\temurin@17.0.12\bin\jsvml.dll
0x00007ffd31fb0000 - 0x00007ffd32829000 	C:\Windows\System32\SHELL32.dll
0x00007ffd2f400000 - 0x00007ffd2fd09000 	C:\Windows\SYSTEM32\windows.storage.dll
0x00007ffd2f2c0000 - 0x00007ffd2f3ff000 	C:\Windows\SYSTEM32\wintypes.dll
0x00007ffd340b0000 - 0x00007ffd341aa000 	C:\Windows\System32\SHCORE.dll
0x00007ffd32a50000 - 0x00007ffd32aae000 	C:\Windows\System32\shlwapi.dll
0x00007ffd313e0000 - 0x00007ffd3140b000 	C:\Windows\SYSTEM32\profapi.dll
0x00007ffd1eb30000 - 0x00007ffd1eb49000 	C:\Users\mills\.jabba\jdk\temurin@17.0.12\bin\net.dll
0x00007ffd2bb70000 - 0x00007ffd2bca6000 	C:\Windows\SYSTEM32\WINHTTP.dll
0x00007ffd30a60000 - 0x00007ffd30ac9000 	C:\Windows\system32\mswsock.dll
0x00007ffd1deb0000 - 0x00007ffd1dec6000 	C:\Users\mills\.jabba\jdk\temurin@17.0.12\bin\nio.dll
0x00007ffd1d4d0000 - 0x00007ffd1d4e8000 	C:\Users\mills\.jabba\jdk\temurin@17.0.12\bin\zip.dll
0x00007ffd0cb50000 - 0x00007ffd0cbcb000 	C:\Users\mills\AppData\Local\Temp\lwjgl_mills\3.3.4+7\x64\lwjgl.dll
0x00007ffcf7560000 - 0x00007ffcf75e5000 	C:\Users\mills\AppData\Local\Temp\lwjgl_mills\3.3.4+7\x64\glfw.dll
0x00007ffd1e010000 - 0x00007ffd1e056000 	C:\Windows\SYSTEM32\dinput8.dll
0x00007ffcede90000 - 0x00007ffcedea1000 	C:\Windows\SYSTEM32\xinput1_4.dll
0x00007ffd311c0000 - 0x00007ffd311ec000 	C:\Windows\SYSTEM32\DEVOBJ.dll
0x00007ffd31170000 - 0x00007ffd311be000 	C:\Windows\SYSTEM32\cfgmgr32.dll
0x00007ffd2eb90000 - 0x00007ffd2ebbb000 	C:\Windows\SYSTEM32\dwmapi.dll
0x00007ffd0c920000 - 0x00007ffd0cb34000 	C:\Windows\SYSTEM32\inputhost.dll
0x00007ffd2d590000 - 0x00007ffd2d6c3000 	C:\Windows\SYSTEM32\CoreMessaging.dll
0x00007ffd2e900000 - 0x00007ffd2e9b1000 	C:\Windows\system32\uxtheme.dll
0x00007ffd30cb0000 - 0x00007ffd30cbc000 	C:\Windows\SYSTEM32\CRYPTBASE.DLL
0x00007ffd33730000 - 0x00007ffd33891000 	C:\Windows\System32\MSCTF.dll
0x00007ffd1ec40000 - 0x00007ffd1ed40000 	C:\Windows\SYSTEM32\opengl32.dll
0x00007ffd1cd90000 - 0x00007ffd1cdbd000 	C:\Windows\SYSTEM32\GLU32.dll
0x00007ffd2ec00000 - 0x00007ffd2ec37000 	C:\Windows\SYSTEM32\dxcore.dll
0x00007ffd33400000 - 0x00007ffd334b0000 	C:\Windows\System32\clbcatq.dll
0x00007ffcdbbc0000 - 0x00007ffcde1a8000 	C:\Windows\System32\DriverStore\FileRepository\nv_dispig.inf_amd64_0afec3f2050014a0\nvoglv64.dll
0x00007ffd32cd0000 - 0x00007ffd33144000 	C:\Windows\System32\SETUPAPI.dll
0x00007ffd33540000 - 0x00007ffd336e5000 	C:\Windows\System32\ole32.dll
0x00007ffd30390000 - 0x00007ffd303a4000 	C:\Windows\SYSTEM32\WTSAPI32.dll
0x00007ffd31150000 - 0x00007ffd31162000 	C:\Windows\SYSTEM32\msasn1.dll
0x00007ffd2b3c0000 - 0x00007ffd2b3f2000 	C:\Windows\SYSTEM32\cryptnet.dll
0x00007ffd31740000 - 0x00007ffd318a6000 	C:\Windows\System32\CRYPT32.dll
0x00007ffd30d60000 - 0x00007ffd30dac000 	C:\Windows\SYSTEM32\wldp.dll
0x00007ffd2b1b0000 - 0x00007ffd2b312000 	C:\Windows\SYSTEM32\drvstore.dll
0x00007ffd318e0000 - 0x00007ffd31952000 	C:\Windows\System32\WINTRUST.dll
0x00007ffd306f0000 - 0x00007ffd30724000 	C:\Windows\SYSTEM32\ntmarta.dll
0x00007ffd329f0000 - 0x00007ffd32a0f000 	C:\Windows\System32\imagehlp.dll
0x00007ffd30cc0000 - 0x00007ffd30cdb000 	C:\Windows\SYSTEM32\CRYPTSP.dll
0x00007ffd30540000 - 0x00007ffd30575000 	C:\Windows\system32\rsaenh.dll
0x00007ffd20c80000 - 0x00007ffd22c6e000 	C:\Windows\System32\DriverStore\FileRepository\nv_dispig.inf_amd64_0afec3f2050014a0\nvgpucomp64.dll
0x00007ffd149c0000 - 0x00007ffd14c90000 	C:\Windows\system32\nvspcap64.dll
0x00007ffd2ff60000 - 0x00007ffd2ffc6000 	C:\Windows\SYSTEM32\WINSTA.dll
0x00007ffd1dd00000 - 0x00007ffd1de45000 	C:\Windows\SYSTEM32\textinputframework.dll
0x00007ffcf7200000 - 0x00007ffcf7261000 	C:\Users\mills\AppData\Local\Temp\lwjgl_mills\3.3.4+7\x64\lwjgl_opengl.dll
0x00007ffce39f0000 - 0x00007ffce3c61000 	C:\Users\mills\AppData\Local\Temp\lwjgl_mills\3.3.4+7\x64\jemalloc.dll

dbghelp: loaded successfully - version: 4.0.5 - missing functions: none
symbol engine: initialized successfully - sym options: 0x614 - pdb path: .;C:\Users\mills\.jabba\jdk\temurin@17.0.12\bin;C:\Windows\SYSTEM32;C:\Windows\WinSxS\amd64_microsoft.windows.common-controls_6595b64144ccf1df_6.0.22621.4541_none_2710d1c57384c085;C:\Users\mills\.jabba\jdk\temurin@17.0.12\bin\server;C:\Users\mills\AppData\Local\Temp\lwjgl_mills\3.3.4+7\x64;C:\Windows\System32\DriverStore\FileRepository\nv_dispig.inf_amd64_0afec3f2050014a0

VM Arguments:
jvm_args: -XX:+ShowCodeDetailsInExceptionMessages 
java_command: com.example.LinesPolygonObjects
java_class_path (initial): C:\Users\mills\OneDrive\Documents\Uni\Year 3\Java\3D Graphics\Lines, Polygon and Objects\core\target\classes;C:\Users\mills\.m2\repository\org\lwjgl\lwjgl\3.3.4\lwjgl-3.3.4.jar;C:\Users\mills\.m2\repository\org\lwjgl\lwjgl-assimp\3.3.4\lwjgl-assimp-3.3.4.jar;C:\Users\mills\.m2\repository\org\lwjgl\lwjgl-bgfx\3.3.4\lwjgl-bgfx-3.3.4.jar;C:\Users\mills\.m2\repository\org\lwjgl\lwjgl-cuda\3.3.4\lwjgl-cuda-3.3.4.jar;C:\Users\mills\.m2\repository\org\lwjgl\lwjgl-egl\3.3.4\lwjgl-egl-3.3.4.jar;C:\Users\mills\.m2\repository\org\lwjgl\lwjgl-fmod\3.3.4\lwjgl-fmod-3.3.4.jar;C:\Users\mills\.m2\repository\org\lwjgl\lwjgl-freetype\3.3.4\lwjgl-freetype-3.3.4.jar;C:\Users\mills\.m2\repository\org\lwjgl\lwjgl-glfw\3.3.4\lwjgl-glfw-3.3.4.jar;C:\Users\mills\.m2\repository\org\lwjgl\lwjgl-harfbuzz\3.3.4\lwjgl-harfbuzz-3.3.4.jar;C:\Users\mills\.m2\repository\org\lwjgl\lwjgl-hwloc\3.3.4\lwjgl-hwloc-3.3.4.jar;C:\Users\mills\.m2\repository\org\lwjgl\lwjgl-jawt\3.3.4\lwjgl-jawt-3.3.4.jar;C:\Users\mills\.m2\repository\org\lwjgl\lwjgl-jemalloc\3.3.4\lwjgl-jemalloc-3.3.4.jar;C:\Users\mills\.m2\repository\org\lwjgl\lwjgl-ktx\3.3.4\lwjgl-ktx-3.3.4.jar;C:\Users\mills\.m2\repository\org\lwjgl\lwjgl-libdivide\3.3.4\lwjgl-libdivide-3.3.4.jar;C:\Users\mills\.m2\repository\org\lwjgl\lwjgl-llvm\3.3.4\lwjgl-llvm-3.3.4.jar;C:\Users\mills\.m2\repository\org\lwjgl\lwjgl-lmdb\3.3.4\lwjgl-lmdb-3.3.4.jar;C:\Users\mills\.m2\repository\org\lwjgl\lwjgl-lz4\3.3.4\lwjgl-lz4-3.3.4.jar;C:\Users\mills\.m2\repository\org\lwjgl\lwjgl-meow\3.3.4\lwjgl-meow-3.3.4.jar;C:\Users\mills\.m2\repository\org\lwjgl\lwjgl-meshoptimizer\3.3.4\lwjgl-meshoptimizer-3.3.4.jar;C:\Users\mills\.m2\repository\org\lwjgl\lwjgl-msdfgen\3.3.4\lwjgl-msdfgen-3.3.4.jar;C:\Users\mills\.m2\repository\org\lwjgl\lwjgl-nanovg\3.3.4\lwjgl-nanovg-3.3.4.jar;C:\Users\mills\.m2\repository\org\lwjgl\lwjgl-nfd\3.3.4\lwjgl-nfd-3.3.4.jar;C:\Users\mills\.m2\repository\org\lwjgl\lwjgl-nuklear\3.3.4\lwjgl-nuklear-3.3.4.jar;C:\Users\mil
Launcher Type: SUN_STANDARD

[Global flags]
     intx CICompilerCount                          = 12                                        {product} {ergonomic}
     uint ConcGCThreads                            = 5                                         {product} {ergonomic}
     uint G1ConcRefinementThreads                  = 18                                        {product} {ergonomic}
   size_t G1HeapRegionSize                         = 4194304                                   {product} {ergonomic}
    uintx GCDrainStackTargetSize                   = 64                                        {product} {ergonomic}
   size_t InitialHeapSize                          = 536870912                                 {product} {ergonomic}
   size_t MarkStackSize                            = 4194304                                   {product} {ergonomic}
   size_t MaxHeapSize                              = 8547991552                                {product} {ergonomic}
   size_t MaxNewSize                               = 5125439488                                {product} {ergonomic}
   size_t MinHeapDeltaBytes                        = 4194304                                   {product} {ergonomic}
   size_t MinHeapSize                              = 8388608                                   {product} {ergonomic}
    uintx NonNMethodCodeHeapSize                   = 7602480                                {pd product} {ergonomic}
    uintx NonProfiledCodeHeapSize                  = 122027880                              {pd product} {ergonomic}
    uintx ProfiledCodeHeapSize                     = 122027880                              {pd product} {ergonomic}
    uintx ReservedCodeCacheSize                    = 251658240                              {pd product} {ergonomic}
     bool SegmentedCodeCache                       = true                                      {product} {ergonomic}
     bool ShowCodeDetailsInExceptionMessages       = true                                   {manageable} {command line}
   size_t SoftMaxHeapSize                          = 8547991552                             {manageable} {ergonomic}
     bool UseCompressedClassPointers               = true                           {product lp64_product} {ergonomic}
     bool UseCompressedOops                        = true                           {product lp64_product} {ergonomic}
     bool UseG1GC                                  = true                                      {product} {ergonomic}
     bool UseLargePagesIndividualAllocation        = false                                  {pd product} {ergonomic}

Logging:
Log output configuration:
 #0: stdout all=warning uptime,level,tags
 #1: stderr all=off uptime,level,tags

Environment Variables:
JAVA_HOME=C:\Program Files\Java\jdk-22
PATH=C:\Program Files\Common Files\Oracle\Java\javapath;C:\Program Files\Microsoft\jdk-11.0.16.101-hotspot\bin;C:\Program Files\Maven\apache-maven-3.9.6\bin;C:\Windows\system32;C:\Windows;C:\Windows\System32\Wbem;C:\Windows\System32\WindowsPowerShell\v1.0\;C:\Windows\System32\OpenSSH\;C:\Program Files (x86)\NVIDIA Corporation\PhysX\Common;C:\Program Files\NVIDIA Corporation\NVIDIA NvDLISR;C:\Program Files\Microsoft SQL Server\150\Tools\Binn\;C:\Program Files\Microsoft SQL Server\Client SDK\ODBC\170\Tools\Binn\;C:\Program Files\dotnet\;C:\Program Files (x86)\Windows Kits\10\Windows Performance Toolkit\;C:\Program Files\Git\cmd;C:\Users\mills\AppData\Local\Programs\Python\Launcher\;C:\Users\mills\AppData\Local\Microsoft\WindowsApps;C:\Users\mills\AppData\Local\GitHubDesktop\bin;C:\Users\mills\.dotnet\tools;C:\Users\mills\AppData\Local\atom\bin;C:\Users\mills\AppData\Local\Programs\Microsoft VS Code\bin
USERNAME=mills
LANG=en_US.UTF-8
OS=Windows_NT
PROCESSOR_IDENTIFIER=Intel64 Family 6 Model 183 Stepping 1, GenuineIntel
TMP=C:\Users\mills\AppData\Local\Temp
TEMP=C:\Users\mills\AppData\Local\Temp



Periodic native trim disabled


---------------  S Y S T E M  ---------------

OS:
 Windows 11 , 64 bit Build 22621 (10.0.22621.4391)
OS uptime: 22 days 2:27 hours

CPU: total 24 (initial active 24) (12 cores per cpu, 2 threads per core) family 6 model 183 stepping 1 microcode 0x115, cx8, cmov, fxsr, ht, mmx, 3dnowpref, sse, sse2, sse3, ssse3, sse4.1, sse4.2, popcnt, lzcnt, tsc, tscinvbit, avx, avx2, aes, erms, clmul, bmi1, bmi2, adx, sha, fma, vzeroupper, clflush, clflushopt, clwb
Processor Information for processor 0
  Max Mhz: 3400, Current Mhz: 3400, Mhz Limit: 3400
Processor Information for processor 1
  Max Mhz: 3400, Current Mhz: 3400, Mhz Limit: 3400
Processor Information for processor 2
  Max Mhz: 3400, Current Mhz: 3400, Mhz Limit: 3400
Processor Information for processor 3
  Max Mhz: 3400, Current Mhz: 3400, Mhz Limit: 3400
Processor Information for processor 4
  Max Mhz: 3400, Current Mhz: 3400, Mhz Limit: 3400
Processor Information for processor 5
  Max Mhz: 3400, Current Mhz: 3400, Mhz Limit: 3400
Processor Information for processor 6
  Max Mhz: 3400, Current Mhz: 3400, Mhz Limit: 3400
Processor Information for processor 7
  Max Mhz: 3400, Current Mhz: 3400, Mhz Limit: 3400
Processor Information for processor 8
  Max Mhz: 3400, Current Mhz: 3400, Mhz Limit: 3400
Processor Information for processor 9
  Max Mhz: 3400, Current Mhz: 3400, Mhz Limit: 3400
Processor Information for processor 10
  Max Mhz: 3400, Current Mhz: 3400, Mhz Limit: 3400
Processor Information for processor 11
  Max Mhz: 3400, Current Mhz: 3400, Mhz Limit: 3400
Processor Information for processor 12
  Max Mhz: 3400, Current Mhz: 3400, Mhz Limit: 3400
Processor Information for processor 13
  Max Mhz: 3400, Current Mhz: 3400, Mhz Limit: 3400
Processor Information for processor 14
  Max Mhz: 3400, Current Mhz: 3400, Mhz Limit: 3400
Processor Information for processor 15
  Max Mhz: 3400, Current Mhz: 3400, Mhz Limit: 3400
Processor Information for processor 16
  Max Mhz: 3400, Current Mhz: 2600, Mhz Limit: 2584
Processor Information for processor 17
  Max Mhz: 3400, Current Mhz: 2600, Mhz Limit: 2584
Processor Information for processor 18
  Max Mhz: 3400, Current Mhz: 2600, Mhz Limit: 2584
Processor Information for processor 19
  Max Mhz: 3400, Current Mhz: 2600, Mhz Limit: 2584
Processor Information for processor 20
  Max Mhz: 3400, Current Mhz: 2600, Mhz Limit: 2584
Processor Information for processor 21
  Max Mhz: 3400, Current Mhz: 2600, Mhz Limit: 2584
Processor Information for processor 22
  Max Mhz: 3400, Current Mhz: 2600, Mhz Limit: 2584
Processor Information for processor 23
  Max Mhz: 3400, Current Mhz: 2600, Mhz Limit: 2584

Memory: 4k page, system-wide physical 32607M (18103M free)
TotalPageFile size 34655M (AvailPageFile size 15595M)
current process WorkingSet (physical memory assigned to process): 100M, peak: 100M
current process commit charge ("private bytes"): 725M, peak: 725M

vm_info: OpenJDK 64-Bit Server VM (17.0.12+7) for windows-amd64 JRE (17.0.12+7), built on Jul 16 2024 22:08:24 by "admin" with MS VC++ 16.10 / 16.11 (VS2019)

END.
